AutoDock Vina v1.2.7
#################################################################
# If you used AutoDock Vina in your work, please cite:          #
#                                                               #
# J. Eberhardt, D. Santos-Martins, A. F. Tillack, and S. Forli  #
# AutoDock Vina 1.2.0: New Docking Methods, Expanded Force      #
# Field, and Python Bindings, J. Chem. Inf. Model. (2021)       #
# DOI 10.1021/acs.jcim.1c00203                                  #
#                                                               #
# O. Trott, A. J. Olson,                                        #
# AutoDock Vina: improving the speed and accuracy of docking    #
# with a new scoring function, efficient optimization and       #
# multithreading, J. Comp. Chem. (2010)                         #
# DOI 10.1002/jcc.21334                                         #
#                                                               #
# Please see https://github.com/ccsb-scripps/AutoDock-Vina for  #
# more information.                                             #
#################################################################

Scoring function : vina
Rigid receptor: results/docking\receptors\1IVS.pdbqt
Ligand: results/docking\ligands\BISOPROLOL.pdbqt
Grid center: X 139.195 Y 73.5565 Z 21.3335
Grid size  : X 28 Y 28 Z 28
Grid space : 0.375
Exhaustiveness: 8
CPU: 0
Verbosity: 2

Computing Vina grid ... done.
WARNING: At low exhaustiveness, it may be impossible to utilize all CPUs.
Performing docking (random seed: 1424183417) ... 
0%   10   20   30   40   50   60   70   80   90   100%
|----|----|----|----|----|----|----|----|----|----|
***************************************************
done.
ENERGY FROM SEARCH: -10.534
FINAL ENERGY: 
Estimated Free Energy of Binding   : -5.585 (kcal/mol) [=(1)+(2)+(3)-(4)]
(1) Final Intermolecular Energy    : -9.666 (kcal/mol)
    Ligand - Receptor              : -9.666 (kcal/mol)
    Ligand - Flex side chains      : 0.000 (kcal/mol)
(2) Final Total Internal Energy    : -0.868 (kcal/mol)
    Ligand                         : -0.868 (kcal/mol)
    Flex   - Receptor              : 0.000 (kcal/mol)
    Flex   - Flex side chains      : 0.000 (kcal/mol)
(3) Torsional Free Energy          : 4.081 (kcal/mol)
(4) Unbound System's Energy        : -0.868 (kcal/mol)
ENERGY FROM SEARCH: -10.465
FINAL ENERGY: 
Estimated Free Energy of Binding   : -5.545 (kcal/mol) [=(1)+(2)+(3)-(4)]
(1) Final Intermolecular Energy    : -8.454 (kcal/mol)
    Ligand - Receptor              : -8.454 (kcal/mol)
    Ligand - Flex side chains      : 0.000 (kcal/mol)
(2) Final Total Internal Energy    : -2.011 (kcal/mol)
    Ligand                         : -2.011 (kcal/mol)
    Flex   - Receptor              : 0.000 (kcal/mol)
    Flex   - Flex side chains      : 0.000 (kcal/mol)
(3) Torsional Free Energy          : 4.052 (kcal/mol)
(4) Unbound System's Energy        : -0.868 (kcal/mol)
ENERGY FROM SEARCH: -10.250
FINAL ENERGY: 
Estimated Free Energy of Binding   : -5.421 (kcal/mol) [=(1)+(2)+(3)-(4)]
(1) Final Intermolecular Energy    : -8.237 (kcal/mol)
    Ligand - Receptor              : -8.237 (kcal/mol)
    Ligand - Flex side chains      : 0.000 (kcal/mol)
(2) Final Total Internal Energy    : -2.013 (kcal/mol)
    Ligand                         : -2.013 (kcal/mol)
    Flex   - Receptor              : 0.000 (kcal/mol)
    Flex   - Flex side chains      : 0.000 (kcal/mol)
(3) Torsional Free Energy          : 3.961 (kcal/mol)
(4) Unbound System's Energy        : -0.868 (kcal/mol)
ENERGY FROM SEARCH: -9.937
FINAL ENERGY: 
Estimated Free Energy of Binding   : -5.240 (kcal/mol) [=(1)+(2)+(3)-(4)]
(1) Final Intermolecular Energy    : -7.840 (kcal/mol)
    Ligand - Receptor              : -7.840 (kcal/mol)
    Ligand - Flex side chains      : 0.000 (kcal/mol)
(2) Final Total Internal Energy    : -2.097 (kcal/mol)
    Ligand                         : -2.097 (kcal/mol)
    Flex   - Receptor              : 0.000 (kcal/mol)
    Flex   - Flex side chains      : 0.000 (kcal/mol)
(3) Torsional Free Energy          : 3.829 (kcal/mol)
(4) Unbound System's Energy        : -0.868 (kcal/mol)
ENERGY FROM SEARCH: -9.888
FINAL ENERGY: 
Estimated Free Energy of Binding   : -5.212 (kcal/mol) [=(1)+(2)+(3)-(4)]
(1) Final Intermolecular Energy    : -8.242 (kcal/mol)
    Ligand - Receptor              : -8.242 (kcal/mol)
    Ligand - Flex side chains      : 0.000 (kcal/mol)
(2) Final Total Internal Energy    : -1.646 (kcal/mol)
    Ligand                         : -1.646 (kcal/mol)
    Flex   - Receptor              : 0.000 (kcal/mol)
    Flex   - Flex side chains      : 0.000 (kcal/mol)
(3) Torsional Free Energy          : 3.808 (kcal/mol)
(4) Unbound System's Energy        : -0.868 (kcal/mol)
ENERGY FROM SEARCH: -9.785
FINAL ENERGY: 
Estimated Free Energy of Binding   : -5.152 (kcal/mol) [=(1)+(2)+(3)-(4)]
(1) Final Intermolecular Energy    : -8.323 (kcal/mol)
    Ligand - Receptor              : -8.323 (kcal/mol)
    Ligand - Flex side chains      : 0.000 (kcal/mol)
(2) Final Total Internal Energy    : -1.462 (kcal/mol)
    Ligand                         : -1.462 (kcal/mol)
    Flex   - Receptor              : 0.000 (kcal/mol)
    Flex   - Flex side chains      : 0.000 (kcal/mol)
(3) Torsional Free Energy          : 3.765 (kcal/mol)
(4) Unbound System's Energy        : -0.868 (kcal/mol)
ENERGY FROM SEARCH: -9.618
FINAL ENERGY: 
Estimated Free Energy of Binding   : -5.055 (kcal/mol) [=(1)+(2)+(3)-(4)]
(1) Final Intermolecular Energy    : -7.867 (kcal/mol)
    Ligand - Receptor              : -7.867 (kcal/mol)
    Ligand - Flex side chains      : 0.000 (kcal/mol)
(2) Final Total Internal Energy    : -1.751 (kcal/mol)
    Ligand                         : -1.751 (kcal/mol)
    Flex   - Receptor              : 0.000 (kcal/mol)
    Flex   - Flex side chains      : 0.000 (kcal/mol)
(3) Torsional Free Energy          : 3.694 (kcal/mol)
(4) Unbound System's Energy        : -0.868 (kcal/mol)
ENERGY FROM SEARCH: -9.532
FINAL ENERGY: 
Estimated Free Energy of Binding   : -5.006 (kcal/mol) [=(1)+(2)+(3)-(4)]
(1) Final Intermolecular Energy    : -7.867 (kcal/mol)
    Ligand - Receptor              : -7.867 (kcal/mol)
    Ligand - Flex side chains      : 0.000 (kcal/mol)
(2) Final Total Internal Energy    : -1.664 (kcal/mol)
    Ligand                         : -1.664 (kcal/mol)
    Flex   - Receptor              : 0.000 (kcal/mol)
    Flex   - Flex side chains      : 0.000 (kcal/mol)
(3) Torsional Free Energy          : 3.658 (kcal/mol)
(4) Unbound System's Energy        : -0.868 (kcal/mol)
ENERGY FROM SEARCH: -9.464
FINAL ENERGY: 
Estimated Free Energy of Binding   : -4.967 (kcal/mol) [=(1)+(2)+(3)-(4)]
(1) Final Intermolecular Energy    : -8.206 (kcal/mol)
    Ligand - Receptor              : -8.206 (kcal/mol)
    Ligand - Flex side chains      : 0.000 (kcal/mol)
(2) Final Total Internal Energy    : -1.259 (kcal/mol)
    Ligand                         : -1.259 (kcal/mol)
    Flex   - Receptor              : 0.000 (kcal/mol)
    Flex   - Flex side chains      : 0.000 (kcal/mol)
(3) Torsional Free Energy          : 3.629 (kcal/mol)
(4) Unbound System's Energy        : -0.868 (kcal/mol)

mode |   affinity | dist from best mode
     | (kcal/mol) | rmsd l.b.| rmsd u.b.
-----+------------+----------+----------
   1      -5.5847     0.0000     0.0000
   2      -5.5446    15.4018    17.8096
   3      -5.4206    15.3491    17.4483
   4      -5.2399    15.2388    17.3505
   5      -5.2117    15.9517    18.3268
   6      -5.1519    15.8516    18.3391
   7      -5.0553    15.7897    18.6602
   8      -5.0056    15.6933    18.0495
   9      -4.9665    15.1104    18.5976
