AutoDock Vina v1.2.7
#################################################################
# If you used AutoDock Vina in your work, please cite:          #
#                                                               #
# J. Eberhardt, D. Santos-Martins, A. F. Tillack, and S. Forli  #
# AutoDock Vina 1.2.0: New Docking Methods, Expanded Force      #
# Field, and Python Bindings, J. Chem. Inf. Model. (2021)       #
# DOI 10.1021/acs.jcim.1c00203                                  #
#                                                               #
# O. Trott, A. J. Olson,                                        #
# AutoDock Vina: improving the speed and accuracy of docking    #
# with a new scoring function, efficient optimization and       #
# multithreading, J. Comp. Chem. (2010)                         #
# DOI 10.1002/jcc.21334                                         #
#                                                               #
# Please see https://github.com/ccsb-scripps/AutoDock-Vina for  #
# more information.                                             #
#################################################################

Scoring function : vina
Rigid receptor: results/docking\receptors\1IVS.pdbqt
Ligand: results/docking\ligands\PENTAMIDINE.pdbqt
Grid center: X 139.195 Y 73.5565 Z 21.3335
Grid size  : X 28 Y 28 Z 28
Grid space : 0.375
Exhaustiveness: 8
CPU: 0
Verbosity: 2

Computing Vina grid ... done.
WARNING: At low exhaustiveness, it may be impossible to utilize all CPUs.
Performing docking (random seed: -1572949467) ... 
0%   10   20   30   40   50   60   70   80   90   100%
|----|----|----|----|----|----|----|----|----|----|
***************************************************
done.
ENERGY FROM SEARCH: -12.1012
FINAL ENERGY: 
Estimated Free Energy of Binding   : -5.583 (kcal/mol) [=(1)+(2)+(3)-(4)]
(1) Final Intermolecular Energy    : -9.173 (kcal/mol)
    Ligand - Receptor              : -9.173 (kcal/mol)
    Ligand - Flex side chains      : 0.000 (kcal/mol)
(2) Final Total Internal Energy    : -2.928 (kcal/mol)
    Ligand                         : -2.928 (kcal/mol)
    Flex   - Receptor              : 0.000 (kcal/mol)
    Flex   - Flex side chains      : 0.000 (kcal/mol)
(3) Torsional Free Energy          : 3.590 (kcal/mol)
(4) Unbound System's Energy        : -2.928 (kcal/mol)
ENERGY FROM SEARCH: -12.088
FINAL ENERGY: 
Estimated Free Energy of Binding   : -5.575 (kcal/mol) [=(1)+(2)+(3)-(4)]
(1) Final Intermolecular Energy    : -9.129 (kcal/mol)
    Ligand - Receptor              : -9.129 (kcal/mol)
    Ligand - Flex side chains      : 0.000 (kcal/mol)
(2) Final Total Internal Energy    : -2.959 (kcal/mol)
    Ligand                         : -2.959 (kcal/mol)
    Flex   - Receptor              : 0.000 (kcal/mol)
    Flex   - Flex side chains      : 0.000 (kcal/mol)
(3) Torsional Free Energy          : 3.585 (kcal/mol)
(4) Unbound System's Energy        : -2.928 (kcal/mol)
ENERGY FROM SEARCH: -12.040
FINAL ENERGY: 
Estimated Free Energy of Binding   : -5.545 (kcal/mol) [=(1)+(2)+(3)-(4)]
(1) Final Intermolecular Energy    : -9.233 (kcal/mol)
    Ligand - Receptor              : -9.233 (kcal/mol)
    Ligand - Flex side chains      : 0.000 (kcal/mol)
(2) Final Total Internal Energy    : -2.807 (kcal/mol)
    Ligand                         : -2.807 (kcal/mol)
    Flex   - Receptor              : 0.000 (kcal/mol)
    Flex   - Flex side chains      : 0.000 (kcal/mol)
(3) Torsional Free Energy          : 3.566 (kcal/mol)
(4) Unbound System's Energy        : -2.928 (kcal/mol)
ENERGY FROM SEARCH: -11.865
FINAL ENERGY: 
Estimated Free Energy of Binding   : -5.439 (kcal/mol) [=(1)+(2)+(3)-(4)]
(1) Final Intermolecular Energy    : -9.122 (kcal/mol)
    Ligand - Receptor              : -9.122 (kcal/mol)
    Ligand - Flex side chains      : 0.000 (kcal/mol)
(2) Final Total Internal Energy    : -2.743 (kcal/mol)
    Ligand                         : -2.743 (kcal/mol)
    Flex   - Receptor              : 0.000 (kcal/mol)
    Flex   - Flex side chains      : 0.000 (kcal/mol)
(3) Torsional Free Energy          : 3.498 (kcal/mol)
(4) Unbound System's Energy        : -2.928 (kcal/mol)
ENERGY FROM SEARCH: -11.835
FINAL ENERGY: 
Estimated Free Energy of Binding   : -5.421 (kcal/mol) [=(1)+(2)+(3)-(4)]
(1) Final Intermolecular Energy    : -9.212 (kcal/mol)
    Ligand - Receptor              : -9.212 (kcal/mol)
    Ligand - Flex side chains      : 0.000 (kcal/mol)
(2) Final Total Internal Energy    : -2.623 (kcal/mol)
    Ligand                         : -2.623 (kcal/mol)
    Flex   - Receptor              : 0.000 (kcal/mol)
    Flex   - Flex side chains      : 0.000 (kcal/mol)
(3) Torsional Free Energy          : 3.486 (kcal/mol)
(4) Unbound System's Energy        : -2.928 (kcal/mol)
ENERGY FROM SEARCH: -11.827
FINAL ENERGY: 
Estimated Free Energy of Binding   : -5.416 (kcal/mol) [=(1)+(2)+(3)-(4)]
(1) Final Intermolecular Energy    : -9.077 (kcal/mol)
    Ligand - Receptor              : -9.077 (kcal/mol)
    Ligand - Flex side chains      : 0.000 (kcal/mol)
(2) Final Total Internal Energy    : -2.750 (kcal/mol)
    Ligand                         : -2.750 (kcal/mol)
    Flex   - Receptor              : 0.000 (kcal/mol)
    Flex   - Flex side chains      : 0.000 (kcal/mol)
(3) Torsional Free Energy          : 3.483 (kcal/mol)
(4) Unbound System's Energy        : -2.928 (kcal/mol)
ENERGY FROM SEARCH: -11.811
FINAL ENERGY: 
Estimated Free Energy of Binding   : -5.406 (kcal/mol) [=(1)+(2)+(3)-(4)]
(1) Final Intermolecular Energy    : -8.722 (kcal/mol)
    Ligand - Receptor              : -8.722 (kcal/mol)
    Ligand - Flex side chains      : 0.000 (kcal/mol)
(2) Final Total Internal Energy    : -3.089 (kcal/mol)
    Ligand                         : -3.089 (kcal/mol)
    Flex   - Receptor              : 0.000 (kcal/mol)
    Flex   - Flex side chains      : 0.000 (kcal/mol)
(3) Torsional Free Energy          : 3.476 (kcal/mol)
(4) Unbound System's Energy        : -2.928 (kcal/mol)
ENERGY FROM SEARCH: -11.797
FINAL ENERGY: 
Estimated Free Energy of Binding   : -5.398 (kcal/mol) [=(1)+(2)+(3)-(4)]
(1) Final Intermolecular Energy    : -9.010 (kcal/mol)
    Ligand - Receptor              : -9.010 (kcal/mol)
    Ligand - Flex side chains      : 0.000 (kcal/mol)
(2) Final Total Internal Energy    : -2.787 (kcal/mol)
    Ligand                         : -2.787 (kcal/mol)
    Flex   - Receptor              : 0.000 (kcal/mol)
    Flex   - Flex side chains      : 0.000 (kcal/mol)
(3) Torsional Free Energy          : 3.471 (kcal/mol)
(4) Unbound System's Energy        : -2.928 (kcal/mol)
ENERGY FROM SEARCH: -11.401
FINAL ENERGY: 
Estimated Free Energy of Binding   : -5.157 (kcal/mol) [=(1)+(2)+(3)-(4)]
(1) Final Intermolecular Energy    : -8.275 (kcal/mol)
    Ligand - Receptor              : -8.275 (kcal/mol)
    Ligand - Flex side chains      : 0.000 (kcal/mol)
(2) Final Total Internal Energy    : -3.126 (kcal/mol)
    Ligand                         : -3.126 (kcal/mol)
    Flex   - Receptor              : 0.000 (kcal/mol)
    Flex   - Flex side chains      : 0.000 (kcal/mol)
(3) Torsional Free Energy          : 3.316 (kcal/mol)
(4) Unbound System's Energy        : -2.928 (kcal/mol)

mode |   affinity | dist from best mode
     | (kcal/mol) | rmsd l.b.| rmsd u.b.
-----+------------+----------+----------
   1      -5.5828     0.0000     0.0000
   2      -5.5746     0.7958     3.8419
   3      -5.5452     3.5456     5.8989
   4      -5.4392     3.5022     6.1712
   5      -5.4208     1.6475     2.3800
   6      -5.4159     1.9140     3.4533
   7      -5.4060     2.1582     3.8674
   8      -5.3976     2.0051     4.0491
   9      -5.1566     2.2976     4.0520
