AutoDock Vina v1.2.7
#################################################################
# If you used AutoDock Vina in your work, please cite:          #
#                                                               #
# J. Eberhardt, D. Santos-Martins, A. F. Tillack, and S. Forli  #
# AutoDock Vina 1.2.0: New Docking Methods, Expanded Force      #
# Field, and Python Bindings, J. Chem. Inf. Model. (2021)       #
# DOI 10.1021/acs.jcim.1c00203                                  #
#                                                               #
# O. Trott, A. J. Olson,                                        #
# AutoDock Vina: improving the speed and accuracy of docking    #
# with a new scoring function, efficient optimization and       #
# multithreading, J. Comp. Chem. (2010)                         #
# DOI 10.1002/jcc.21334                                         #
#                                                               #
# Please see https://github.com/ccsb-scripps/AutoDock-Vina for  #
# more information.                                             #
#################################################################

Scoring function : vina
Rigid receptor: results/docking\receptors\1IVS.pdbqt
Ligand: results/docking\ligands\GLUCOSAMINE.pdbqt
Grid center: X 139.195 Y 73.5565 Z 21.3335
Grid size  : X 28 Y 28 Z 28
Grid space : 0.375
Exhaustiveness: 8
CPU: 0
Verbosity: 2

Computing Vina grid ... done.
WARNING: At low exhaustiveness, it may be impossible to utilize all CPUs.
Performing docking (random seed: -1291522530) ... 
0%   10   20   30   40   50   60   70   80   90   100%
|----|----|----|----|----|----|----|----|----|----|
***************************************************
done.
ENERGY FROM SEARCH: -6.11779
FINAL ENERGY: 
Estimated Free Energy of Binding   : -5.044 (kcal/mol) [=(1)+(2)+(3)-(4)]
(1) Final Intermolecular Energy    : -6.076 (kcal/mol)
    Ligand - Receptor              : -6.076 (kcal/mol)
    Ligand - Flex side chains      : 0.000 (kcal/mol)
(2) Final Total Internal Energy    : -0.041 (kcal/mol)
    Ligand                         : -0.041 (kcal/mol)
    Flex   - Receptor              : 0.000 (kcal/mol)
    Flex   - Flex side chains      : 0.000 (kcal/mol)
(3) Torsional Free Energy          : 1.032 (kcal/mol)
(4) Unbound System's Energy        : -0.041 (kcal/mol)
ENERGY FROM SEARCH: -5.963
FINAL ENERGY: 
Estimated Free Energy of Binding   : -4.916 (kcal/mol) [=(1)+(2)+(3)-(4)]
(1) Final Intermolecular Energy    : -5.716 (kcal/mol)
    Ligand - Receptor              : -5.716 (kcal/mol)
    Ligand - Flex side chains      : 0.000 (kcal/mol)
(2) Final Total Internal Energy    : -0.248 (kcal/mol)
    Ligand                         : -0.248 (kcal/mol)
    Flex   - Receptor              : 0.000 (kcal/mol)
    Flex   - Flex side chains      : 0.000 (kcal/mol)
(3) Torsional Free Energy          : 1.006 (kcal/mol)
(4) Unbound System's Energy        : -0.041 (kcal/mol)
ENERGY FROM SEARCH: -5.792
FINAL ENERGY: 
Estimated Free Energy of Binding   : -4.774 (kcal/mol) [=(1)+(2)+(3)-(4)]
(1) Final Intermolecular Energy    : -5.584 (kcal/mol)
    Ligand - Receptor              : -5.584 (kcal/mol)
    Ligand - Flex side chains      : 0.000 (kcal/mol)
(2) Final Total Internal Energy    : -0.208 (kcal/mol)
    Ligand                         : -0.208 (kcal/mol)
    Flex   - Receptor              : 0.000 (kcal/mol)
    Flex   - Flex side chains      : 0.000 (kcal/mol)
(3) Torsional Free Energy          : 0.977 (kcal/mol)
(4) Unbound System's Energy        : -0.041 (kcal/mol)
ENERGY FROM SEARCH: -5.775
FINAL ENERGY: 
Estimated Free Energy of Binding   : -4.760 (kcal/mol) [=(1)+(2)+(3)-(4)]
(1) Final Intermolecular Energy    : -5.520 (kcal/mol)
    Ligand - Receptor              : -5.520 (kcal/mol)
    Ligand - Flex side chains      : 0.000 (kcal/mol)
(2) Final Total Internal Energy    : -0.255 (kcal/mol)
    Ligand                         : -0.255 (kcal/mol)
    Flex   - Receptor              : 0.000 (kcal/mol)
    Flex   - Flex side chains      : 0.000 (kcal/mol)
(3) Torsional Free Energy          : 0.974 (kcal/mol)
(4) Unbound System's Energy        : -0.041 (kcal/mol)
ENERGY FROM SEARCH: -5.757
FINAL ENERGY: 
Estimated Free Energy of Binding   : -4.745 (kcal/mol) [=(1)+(2)+(3)-(4)]
(1) Final Intermolecular Energy    : -5.705 (kcal/mol)
    Ligand - Receptor              : -5.705 (kcal/mol)
    Ligand - Flex side chains      : 0.000 (kcal/mol)
(2) Final Total Internal Energy    : -0.052 (kcal/mol)
    Ligand                         : -0.052 (kcal/mol)
    Flex   - Receptor              : 0.000 (kcal/mol)
    Flex   - Flex side chains      : 0.000 (kcal/mol)
(3) Torsional Free Energy          : 0.971 (kcal/mol)
(4) Unbound System's Energy        : -0.041 (kcal/mol)
ENERGY FROM SEARCH: -5.723
FINAL ENERGY: 
Estimated Free Energy of Binding   : -4.717 (kcal/mol) [=(1)+(2)+(3)-(4)]
(1) Final Intermolecular Energy    : -5.478 (kcal/mol)
    Ligand - Receptor              : -5.478 (kcal/mol)
    Ligand - Flex side chains      : 0.000 (kcal/mol)
(2) Final Total Internal Energy    : -0.246 (kcal/mol)
    Ligand                         : -0.246 (kcal/mol)
    Flex   - Receptor              : 0.000 (kcal/mol)
    Flex   - Flex side chains      : 0.000 (kcal/mol)
(3) Torsional Free Energy          : 0.965 (kcal/mol)
(4) Unbound System's Energy        : -0.041 (kcal/mol)
ENERGY FROM SEARCH: -5.685
FINAL ENERGY: 
Estimated Free Energy of Binding   : -4.685 (kcal/mol) [=(1)+(2)+(3)-(4)]
(1) Final Intermolecular Energy    : -5.636 (kcal/mol)
    Ligand - Receptor              : -5.636 (kcal/mol)
    Ligand - Flex side chains      : 0.000 (kcal/mol)
(2) Final Total Internal Energy    : -0.050 (kcal/mol)
    Ligand                         : -0.050 (kcal/mol)
    Flex   - Receptor              : 0.000 (kcal/mol)
    Flex   - Flex side chains      : 0.000 (kcal/mol)
(3) Torsional Free Energy          : 0.959 (kcal/mol)
(4) Unbound System's Energy        : -0.041 (kcal/mol)
ENERGY FROM SEARCH: -5.670
FINAL ENERGY: 
Estimated Free Energy of Binding   : -4.672 (kcal/mol) [=(1)+(2)+(3)-(4)]
(1) Final Intermolecular Energy    : -5.424 (kcal/mol)
    Ligand - Receptor              : -5.424 (kcal/mol)
    Ligand - Flex side chains      : 0.000 (kcal/mol)
(2) Final Total Internal Energy    : -0.246 (kcal/mol)
    Ligand                         : -0.246 (kcal/mol)
    Flex   - Receptor              : 0.000 (kcal/mol)
    Flex   - Flex side chains      : 0.000 (kcal/mol)
(3) Torsional Free Energy          : 0.956 (kcal/mol)
(4) Unbound System's Energy        : -0.041 (kcal/mol)
ENERGY FROM SEARCH: -5.640
FINAL ENERGY: 
Estimated Free Energy of Binding   : -4.647 (kcal/mol) [=(1)+(2)+(3)-(4)]
(1) Final Intermolecular Energy    : -5.385 (kcal/mol)
    Ligand - Receptor              : -5.385 (kcal/mol)
    Ligand - Flex side chains      : 0.000 (kcal/mol)
(2) Final Total Internal Energy    : -0.254 (kcal/mol)
    Ligand                         : -0.254 (kcal/mol)
    Flex   - Receptor              : 0.000 (kcal/mol)
    Flex   - Flex side chains      : 0.000 (kcal/mol)
(3) Torsional Free Energy          : 0.951 (kcal/mol)
(4) Unbound System's Energy        : -0.041 (kcal/mol)

mode |   affinity | dist from best mode
     | (kcal/mol) | rmsd l.b.| rmsd u.b.
-----+------------+----------+----------
   1      -5.0443     0.0000     0.0000
   2      -4.9161    12.2709    12.8864
   3      -4.7741    12.2679    12.8981
   4      -4.7599    16.6215    18.1337
   5      -4.7448    12.4918    13.3576
   6      -4.7167    11.9175    12.4915
   7      -4.6853    24.8664    25.8182
   8      -4.6724    15.2836    16.8483
   9      -4.6473    16.2960    17.6909
