AutoDock Vina v1.2.7
#################################################################
# If you used AutoDock Vina in your work, please cite:          #
#                                                               #
# J. Eberhardt, D. Santos-Martins, A. F. Tillack, and S. Forli  #
# AutoDock Vina 1.2.0: New Docking Methods, Expanded Force      #
# Field, and Python Bindings, J. Chem. Inf. Model. (2021)       #
# DOI 10.1021/acs.jcim.1c00203                                  #
#                                                               #
# O. Trott, A. J. Olson,                                        #
# AutoDock Vina: improving the speed and accuracy of docking    #
# with a new scoring function, efficient optimization and       #
# multithreading, J. Comp. Chem. (2010)                         #
# DOI 10.1002/jcc.21334                                         #
#                                                               #
# Please see https://github.com/ccsb-scripps/AutoDock-Vina for  #
# more information.                                             #
#################################################################

Scoring function : vina
Rigid receptor: results/docking\receptors\1IVS.pdbqt
Ligand: results/docking\ligands\PRASUGREL.pdbqt
Grid center: X 139.195 Y 73.5565 Z 21.3335
Grid size  : X 28 Y 28 Z 28
Grid space : 0.375
Exhaustiveness: 8
CPU: 0
Verbosity: 2

Computing Vina grid ... done.
WARNING: At low exhaustiveness, it may be impossible to utilize all CPUs.
Performing docking (random seed: 490675874) ... 
0%   10   20   30   40   50   60   70   80   90   100%
|----|----|----|----|----|----|----|----|----|----|
***************************************************
done.
ENERGY FROM SEARCH: -9.17846
FINAL ENERGY: 
Estimated Free Energy of Binding   : -6.172 (kcal/mol) [=(1)+(2)+(3)-(4)]
(1) Final Intermolecular Energy    : -8.337 (kcal/mol)
    Ligand - Receptor              : -8.337 (kcal/mol)
    Ligand - Flex side chains      : 0.000 (kcal/mol)
(2) Final Total Internal Energy    : -0.842 (kcal/mol)
    Ligand                         : -0.842 (kcal/mol)
    Flex   - Receptor              : 0.000 (kcal/mol)
    Flex   - Flex side chains      : 0.000 (kcal/mol)
(3) Torsional Free Energy          : 2.165 (kcal/mol)
(4) Unbound System's Energy        : -0.842 (kcal/mol)
ENERGY FROM SEARCH: -9.083
FINAL ENERGY: 
Estimated Free Energy of Binding   : -6.101 (kcal/mol) [=(1)+(2)+(3)-(4)]
(1) Final Intermolecular Energy    : -8.090 (kcal/mol)
    Ligand - Receptor              : -8.090 (kcal/mol)
    Ligand - Flex side chains      : 0.000 (kcal/mol)
(2) Final Total Internal Energy    : -0.993 (kcal/mol)
    Ligand                         : -0.993 (kcal/mol)
    Flex   - Receptor              : 0.000 (kcal/mol)
    Flex   - Flex side chains      : 0.000 (kcal/mol)
(3) Torsional Free Energy          : 2.140 (kcal/mol)
(4) Unbound System's Energy        : -0.842 (kcal/mol)
ENERGY FROM SEARCH: -9.002
FINAL ENERGY: 
Estimated Free Energy of Binding   : -6.041 (kcal/mol) [=(1)+(2)+(3)-(4)]
(1) Final Intermolecular Energy    : -8.516 (kcal/mol)
    Ligand - Receptor              : -8.516 (kcal/mol)
    Ligand - Flex side chains      : 0.000 (kcal/mol)
(2) Final Total Internal Energy    : -0.486 (kcal/mol)
    Ligand                         : -0.486 (kcal/mol)
    Flex   - Receptor              : 0.000 (kcal/mol)
    Flex   - Flex side chains      : 0.000 (kcal/mol)
(3) Torsional Free Energy          : 2.119 (kcal/mol)
(4) Unbound System's Energy        : -0.842 (kcal/mol)
ENERGY FROM SEARCH: -8.679
FINAL ENERGY: 
Estimated Free Energy of Binding   : -5.802 (kcal/mol) [=(1)+(2)+(3)-(4)]
(1) Final Intermolecular Energy    : -7.746 (kcal/mol)
    Ligand - Receptor              : -7.746 (kcal/mol)
    Ligand - Flex side chains      : 0.000 (kcal/mol)
(2) Final Total Internal Energy    : -0.933 (kcal/mol)
    Ligand                         : -0.933 (kcal/mol)
    Flex   - Receptor              : 0.000 (kcal/mol)
    Flex   - Flex side chains      : 0.000 (kcal/mol)
(3) Torsional Free Energy          : 2.035 (kcal/mol)
(4) Unbound System's Energy        : -0.842 (kcal/mol)
ENERGY FROM SEARCH: -8.637
FINAL ENERGY: 
Estimated Free Energy of Binding   : -5.771 (kcal/mol) [=(1)+(2)+(3)-(4)]
(1) Final Intermolecular Energy    : -7.827 (kcal/mol)
    Ligand - Receptor              : -7.827 (kcal/mol)
    Ligand - Flex side chains      : 0.000 (kcal/mol)
(2) Final Total Internal Energy    : -0.809 (kcal/mol)
    Ligand                         : -0.809 (kcal/mol)
    Flex   - Receptor              : 0.000 (kcal/mol)
    Flex   - Flex side chains      : 0.000 (kcal/mol)
(3) Torsional Free Energy          : 2.024 (kcal/mol)
(4) Unbound System's Energy        : -0.842 (kcal/mol)
ENERGY FROM SEARCH: -8.521
FINAL ENERGY: 
Estimated Free Energy of Binding   : -5.685 (kcal/mol) [=(1)+(2)+(3)-(4)]
(1) Final Intermolecular Energy    : -7.765 (kcal/mol)
    Ligand - Receptor              : -7.765 (kcal/mol)
    Ligand - Flex side chains      : 0.000 (kcal/mol)
(2) Final Total Internal Energy    : -0.755 (kcal/mol)
    Ligand                         : -0.755 (kcal/mol)
    Flex   - Receptor              : 0.000 (kcal/mol)
    Flex   - Flex side chains      : 0.000 (kcal/mol)
(3) Torsional Free Energy          : 1.994 (kcal/mol)
(4) Unbound System's Energy        : -0.842 (kcal/mol)
ENERGY FROM SEARCH: -8.416
FINAL ENERGY: 
Estimated Free Energy of Binding   : -5.607 (kcal/mol) [=(1)+(2)+(3)-(4)]
(1) Final Intermolecular Energy    : -8.050 (kcal/mol)
    Ligand - Receptor              : -8.050 (kcal/mol)
    Ligand - Flex side chains      : 0.000 (kcal/mol)
(2) Final Total Internal Energy    : -0.365 (kcal/mol)
    Ligand                         : -0.365 (kcal/mol)
    Flex   - Receptor              : 0.000 (kcal/mol)
    Flex   - Flex side chains      : 0.000 (kcal/mol)
(3) Torsional Free Energy          : 1.967 (kcal/mol)
(4) Unbound System's Energy        : -0.842 (kcal/mol)
ENERGY FROM SEARCH: -8.235
FINAL ENERGY: 
Estimated Free Energy of Binding   : -5.473 (kcal/mol) [=(1)+(2)+(3)-(4)]
(1) Final Intermolecular Energy    : -7.666 (kcal/mol)
    Ligand - Receptor              : -7.666 (kcal/mol)
    Ligand - Flex side chains      : 0.000 (kcal/mol)
(2) Final Total Internal Energy    : -0.569 (kcal/mol)
    Ligand                         : -0.569 (kcal/mol)
    Flex   - Receptor              : 0.000 (kcal/mol)
    Flex   - Flex side chains      : 0.000 (kcal/mol)
(3) Torsional Free Energy          : 1.920 (kcal/mol)
(4) Unbound System's Energy        : -0.842 (kcal/mol)
ENERGY FROM SEARCH: -8.198
FINAL ENERGY: 
Estimated Free Energy of Binding   : -5.446 (kcal/mol) [=(1)+(2)+(3)-(4)]
(1) Final Intermolecular Energy    : -7.411 (kcal/mol)
    Ligand - Receptor              : -7.411 (kcal/mol)
    Ligand - Flex side chains      : 0.000 (kcal/mol)
(2) Final Total Internal Energy    : -0.787 (kcal/mol)
    Ligand                         : -0.787 (kcal/mol)
    Flex   - Receptor              : 0.000 (kcal/mol)
    Flex   - Flex side chains      : 0.000 (kcal/mol)
(3) Torsional Free Energy          : 1.910 (kcal/mol)
(4) Unbound System's Energy        : -0.842 (kcal/mol)

mode |   affinity | dist from best mode
     | (kcal/mol) | rmsd l.b.| rmsd u.b.
-----+------------+----------+----------
   1      -6.1718     0.0000     0.0000
   2      -6.1011     1.9027     2.1452
   3      -6.0414     3.9840     7.7902
   4      -5.8020     3.8202     7.4421
   5      -5.7706     3.2834     3.7806
   6      -5.6849     4.3394     7.8578
   7      -5.6072     4.0878     8.0700
   8      -5.4731     3.6490     7.8017
   9      -5.4456    12.2194    15.3007
