AutoDock Vina v1.2.7
#################################################################
# If you used AutoDock Vina in your work, please cite:          #
#                                                               #
# J. Eberhardt, D. Santos-Martins, A. F. Tillack, and S. Forli  #
# AutoDock Vina 1.2.0: New Docking Methods, Expanded Force      #
# Field, and Python Bindings, J. Chem. Inf. Model. (2021)       #
# DOI 10.1021/acs.jcim.1c00203                                  #
#                                                               #
# O. Trott, A. J. Olson,                                        #
# AutoDock Vina: improving the speed and accuracy of docking    #
# with a new scoring function, efficient optimization and       #
# multithreading, J. Comp. Chem. (2010)                         #
# DOI 10.1002/jcc.21334                                         #
#                                                               #
# Please see https://github.com/ccsb-scripps/AutoDock-Vina for  #
# more information.                                             #
#################################################################

Scoring function : vina
Rigid receptor: results/docking\receptors\2AZ5.pdbqt
Ligand: results/docking\ligands\FLUTICASONE.pdbqt
Grid center: X -12.8615 Y 71.7005 Z 27.854
Grid size  : X 28 Y 28 Z 28
Grid space : 0.375
Exhaustiveness: 8
CPU: 0
Verbosity: 2

Computing Vina grid ... done.
WARNING: At low exhaustiveness, it may be impossible to utilize all CPUs.
Performing docking (random seed: 1774881443) ... 
0%   10   20   30   40   50   60   70   80   90   100%
|----|----|----|----|----|----|----|----|----|----|
***************************************************
done.
ENERGY FROM SEARCH: -10.2193
FINAL ENERGY: 
Estimated Free Energy of Binding   : -8.071 (kcal/mol) [=(1)+(2)+(3)-(4)]
(1) Final Intermolecular Energy    : -9.958 (kcal/mol)
    Ligand - Receptor              : -9.958 (kcal/mol)
    Ligand - Flex side chains      : 0.000 (kcal/mol)
(2) Final Total Internal Energy    : -0.261 (kcal/mol)
    Ligand                         : -0.261 (kcal/mol)
    Flex   - Receptor              : 0.000 (kcal/mol)
    Flex   - Flex side chains      : 0.000 (kcal/mol)
(3) Torsional Free Energy          : 1.887 (kcal/mol)
(4) Unbound System's Energy        : -0.261 (kcal/mol)
ENERGY FROM SEARCH: -10.134
FINAL ENERGY: 
Estimated Free Energy of Binding   : -8.002 (kcal/mol) [=(1)+(2)+(3)-(4)]
(1) Final Intermolecular Energy    : -10.013 (kcal/mol)
    Ligand - Receptor              : -10.013 (kcal/mol)
    Ligand - Flex side chains      : 0.000 (kcal/mol)
(2) Final Total Internal Energy    : -0.121 (kcal/mol)
    Ligand                         : -0.121 (kcal/mol)
    Flex   - Receptor              : 0.000 (kcal/mol)
    Flex   - Flex side chains      : 0.000 (kcal/mol)
(3) Torsional Free Energy          : 1.871 (kcal/mol)
(4) Unbound System's Energy        : -0.261 (kcal/mol)
ENERGY FROM SEARCH: -9.992
FINAL ENERGY: 
Estimated Free Energy of Binding   : -7.886 (kcal/mol) [=(1)+(2)+(3)-(4)]
(1) Final Intermolecular Energy    : -9.884 (kcal/mol)
    Ligand - Receptor              : -9.884 (kcal/mol)
    Ligand - Flex side chains      : 0.000 (kcal/mol)
(2) Final Total Internal Energy    : -0.107 (kcal/mol)
    Ligand                         : -0.107 (kcal/mol)
    Flex   - Receptor              : 0.000 (kcal/mol)
    Flex   - Flex side chains      : 0.000 (kcal/mol)
(3) Torsional Free Energy          : 1.844 (kcal/mol)
(4) Unbound System's Energy        : -0.261 (kcal/mol)
ENERGY FROM SEARCH: -9.980
FINAL ENERGY: 
Estimated Free Energy of Binding   : -7.877 (kcal/mol) [=(1)+(2)+(3)-(4)]
(1) Final Intermolecular Energy    : -9.724 (kcal/mol)
    Ligand - Receptor              : -9.724 (kcal/mol)
    Ligand - Flex side chains      : 0.000 (kcal/mol)
(2) Final Total Internal Energy    : -0.257 (kcal/mol)
    Ligand                         : -0.257 (kcal/mol)
    Flex   - Receptor              : 0.000 (kcal/mol)
    Flex   - Flex side chains      : 0.000 (kcal/mol)
(3) Torsional Free Energy          : 1.842 (kcal/mol)
(4) Unbound System's Energy        : -0.261 (kcal/mol)
ENERGY FROM SEARCH: -9.948
FINAL ENERGY: 
Estimated Free Energy of Binding   : -7.851 (kcal/mol) [=(1)+(2)+(3)-(4)]
(1) Final Intermolecular Energy    : -9.879 (kcal/mol)
    Ligand - Receptor              : -9.879 (kcal/mol)
    Ligand - Flex side chains      : 0.000 (kcal/mol)
(2) Final Total Internal Energy    : -0.068 (kcal/mol)
    Ligand                         : -0.068 (kcal/mol)
    Flex   - Receptor              : 0.000 (kcal/mol)
    Flex   - Flex side chains      : 0.000 (kcal/mol)
(3) Torsional Free Energy          : 1.836 (kcal/mol)
(4) Unbound System's Energy        : -0.261 (kcal/mol)
ENERGY FROM SEARCH: -9.876
FINAL ENERGY: 
Estimated Free Energy of Binding   : -7.793 (kcal/mol) [=(1)+(2)+(3)-(4)]
(1) Final Intermolecular Energy    : -9.818 (kcal/mol)
    Ligand - Receptor              : -9.818 (kcal/mol)
    Ligand - Flex side chains      : 0.000 (kcal/mol)
(2) Final Total Internal Energy    : -0.058 (kcal/mol)
    Ligand                         : -0.058 (kcal/mol)
    Flex   - Receptor              : 0.000 (kcal/mol)
    Flex   - Flex side chains      : 0.000 (kcal/mol)
(3) Torsional Free Energy          : 1.822 (kcal/mol)
(4) Unbound System's Energy        : -0.261 (kcal/mol)
ENERGY FROM SEARCH: -9.735
FINAL ENERGY: 
Estimated Free Energy of Binding   : -7.678 (kcal/mol) [=(1)+(2)+(3)-(4)]
(1) Final Intermolecular Energy    : -9.390 (kcal/mol)
    Ligand - Receptor              : -9.390 (kcal/mol)
    Ligand - Flex side chains      : 0.000 (kcal/mol)
(2) Final Total Internal Energy    : -0.345 (kcal/mol)
    Ligand                         : -0.345 (kcal/mol)
    Flex   - Receptor              : 0.000 (kcal/mol)
    Flex   - Flex side chains      : 0.000 (kcal/mol)
(3) Torsional Free Energy          : 1.795 (kcal/mol)
(4) Unbound System's Energy        : -0.261 (kcal/mol)
ENERGY FROM SEARCH: -9.568
FINAL ENERGY: 
Estimated Free Energy of Binding   : -7.543 (kcal/mol) [=(1)+(2)+(3)-(4)]
(1) Final Intermolecular Energy    : -9.452 (kcal/mol)
    Ligand - Receptor              : -9.452 (kcal/mol)
    Ligand - Flex side chains      : 0.000 (kcal/mol)
(2) Final Total Internal Energy    : -0.116 (kcal/mol)
    Ligand                         : -0.116 (kcal/mol)
    Flex   - Receptor              : 0.000 (kcal/mol)
    Flex   - Flex side chains      : 0.000 (kcal/mol)
(3) Torsional Free Energy          : 1.764 (kcal/mol)
(4) Unbound System's Energy        : -0.261 (kcal/mol)
ENERGY FROM SEARCH: -9.519
FINAL ENERGY: 
Estimated Free Energy of Binding   : -7.503 (kcal/mol) [=(1)+(2)+(3)-(4)]
(1) Final Intermolecular Energy    : -9.333 (kcal/mol)
    Ligand - Receptor              : -9.333 (kcal/mol)
    Ligand - Flex side chains      : 0.000 (kcal/mol)
(2) Final Total Internal Energy    : -0.186 (kcal/mol)
    Ligand                         : -0.186 (kcal/mol)
    Flex   - Receptor              : 0.000 (kcal/mol)
    Flex   - Flex side chains      : 0.000 (kcal/mol)
(3) Torsional Free Energy          : 1.755 (kcal/mol)
(4) Unbound System's Energy        : -0.261 (kcal/mol)

mode |   affinity | dist from best mode
     | (kcal/mol) | rmsd l.b.| rmsd u.b.
-----+------------+----------+----------
   1      -8.0710     0.0000     0.0000
   2      -8.0021     1.6631     2.0404
   3      -7.8865     7.8608     9.3953
   4      -7.8774     8.0559     9.8267
   5      -7.8510     4.0154     5.6380
   6      -7.7925     5.2345     7.9551
   7      -7.6782     8.8465    10.7024
   8      -7.5428     5.5348     8.5145
   9      -7.5033     4.2569     7.7169
