AutoDock Vina v1.2.7
#################################################################
# If you used AutoDock Vina in your work, please cite:          #
#                                                               #
# J. Eberhardt, D. Santos-Martins, A. F. Tillack, and S. Forli  #
# AutoDock Vina 1.2.0: New Docking Methods, Expanded Force      #
# Field, and Python Bindings, J. Chem. Inf. Model. (2021)       #
# DOI 10.1021/acs.jcim.1c00203                                  #
#                                                               #
# O. Trott, A. J. Olson,                                        #
# AutoDock Vina: improving the speed and accuracy of docking    #
# with a new scoring function, efficient optimization and       #
# multithreading, J. Comp. Chem. (2010)                         #
# DOI 10.1002/jcc.21334                                         #
#                                                               #
# Please see https://github.com/ccsb-scripps/AutoDock-Vina for  #
# more information.                                             #
#################################################################

Scoring function : vina
Rigid receptor: results/docking\receptors\2AZ5.pdbqt
Ligand: results/docking\ligands\BISOPROLOL.pdbqt
Grid center: X -12.8615 Y 71.7005 Z 27.854
Grid size  : X 28 Y 28 Z 28
Grid space : 0.375
Exhaustiveness: 8
CPU: 0
Verbosity: 2

Computing Vina grid ... done.
WARNING: At low exhaustiveness, it may be impossible to utilize all CPUs.
Performing docking (random seed: 1474950289) ... 
0%   10   20   30   40   50   60   70   80   90   100%
|----|----|----|----|----|----|----|----|----|----|
***************************************************
done.
ENERGY FROM SEARCH: -11.2184
FINAL ENERGY: 
Estimated Free Energy of Binding   : -5.619 (kcal/mol) [=(1)+(2)+(3)-(4)]
(1) Final Intermolecular Energy    : -9.724 (kcal/mol)
    Ligand - Receptor              : -9.724 (kcal/mol)
    Ligand - Flex side chains      : 0.000 (kcal/mol)
(2) Final Total Internal Energy    : -1.494 (kcal/mol)
    Ligand                         : -1.494 (kcal/mol)
    Flex   - Receptor              : 0.000 (kcal/mol)
    Flex   - Flex side chains      : 0.000 (kcal/mol)
(3) Torsional Free Energy          : 4.106 (kcal/mol)
(4) Unbound System's Energy        : -1.494 (kcal/mol)
ENERGY FROM SEARCH: -11.188
FINAL ENERGY: 
Estimated Free Energy of Binding   : -5.601 (kcal/mol) [=(1)+(2)+(3)-(4)]
(1) Final Intermolecular Energy    : -9.354 (kcal/mol)
    Ligand - Receptor              : -9.354 (kcal/mol)
    Ligand - Flex side chains      : 0.000 (kcal/mol)
(2) Final Total Internal Energy    : -1.834 (kcal/mol)
    Ligand                         : -1.834 (kcal/mol)
    Flex   - Receptor              : 0.000 (kcal/mol)
    Flex   - Flex side chains      : 0.000 (kcal/mol)
(3) Torsional Free Energy          : 4.093 (kcal/mol)
(4) Unbound System's Energy        : -1.494 (kcal/mol)
ENERGY FROM SEARCH: -11.070
FINAL ENERGY: 
Estimated Free Energy of Binding   : -5.533 (kcal/mol) [=(1)+(2)+(3)-(4)]
(1) Final Intermolecular Energy    : -9.358 (kcal/mol)
    Ligand - Receptor              : -9.358 (kcal/mol)
    Ligand - Flex side chains      : 0.000 (kcal/mol)
(2) Final Total Internal Energy    : -1.712 (kcal/mol)
    Ligand                         : -1.712 (kcal/mol)
    Flex   - Receptor              : 0.000 (kcal/mol)
    Flex   - Flex side chains      : 0.000 (kcal/mol)
(3) Torsional Free Energy          : 4.043 (kcal/mol)
(4) Unbound System's Energy        : -1.494 (kcal/mol)
ENERGY FROM SEARCH: -11.049
FINAL ENERGY: 
Estimated Free Energy of Binding   : -5.521 (kcal/mol) [=(1)+(2)+(3)-(4)]
(1) Final Intermolecular Energy    : -9.634 (kcal/mol)
    Ligand - Receptor              : -9.634 (kcal/mol)
    Ligand - Flex side chains      : 0.000 (kcal/mol)
(2) Final Total Internal Energy    : -1.415 (kcal/mol)
    Ligand                         : -1.415 (kcal/mol)
    Flex   - Receptor              : 0.000 (kcal/mol)
    Flex   - Flex side chains      : 0.000 (kcal/mol)
(3) Torsional Free Energy          : 4.034 (kcal/mol)
(4) Unbound System's Energy        : -1.494 (kcal/mol)
ENERGY FROM SEARCH: -11.042
FINAL ENERGY: 
Estimated Free Energy of Binding   : -5.517 (kcal/mol) [=(1)+(2)+(3)-(4)]
(1) Final Intermolecular Energy    : -8.970 (kcal/mol)
    Ligand - Receptor              : -8.970 (kcal/mol)
    Ligand - Flex side chains      : 0.000 (kcal/mol)
(2) Final Total Internal Energy    : -2.072 (kcal/mol)
    Ligand                         : -2.072 (kcal/mol)
    Flex   - Receptor              : 0.000 (kcal/mol)
    Flex   - Flex side chains      : 0.000 (kcal/mol)
(3) Torsional Free Energy          : 4.032 (kcal/mol)
(4) Unbound System's Energy        : -1.494 (kcal/mol)
ENERGY FROM SEARCH: -11.025
FINAL ENERGY: 
Estimated Free Energy of Binding   : -5.507 (kcal/mol) [=(1)+(2)+(3)-(4)]
(1) Final Intermolecular Energy    : -9.614 (kcal/mol)
    Ligand - Receptor              : -9.614 (kcal/mol)
    Ligand - Flex side chains      : 0.000 (kcal/mol)
(2) Final Total Internal Energy    : -1.411 (kcal/mol)
    Ligand                         : -1.411 (kcal/mol)
    Flex   - Receptor              : 0.000 (kcal/mol)
    Flex   - Flex side chains      : 0.000 (kcal/mol)
(3) Torsional Free Energy          : 4.024 (kcal/mol)
(4) Unbound System's Energy        : -1.494 (kcal/mol)
ENERGY FROM SEARCH: -10.984
FINAL ENERGY: 
Estimated Free Energy of Binding   : -5.484 (kcal/mol) [=(1)+(2)+(3)-(4)]
(1) Final Intermolecular Energy    : -9.672 (kcal/mol)
    Ligand - Receptor              : -9.672 (kcal/mol)
    Ligand - Flex side chains      : 0.000 (kcal/mol)
(2) Final Total Internal Energy    : -1.313 (kcal/mol)
    Ligand                         : -1.313 (kcal/mol)
    Flex   - Receptor              : 0.000 (kcal/mol)
    Flex   - Flex side chains      : 0.000 (kcal/mol)
(3) Torsional Free Energy          : 4.007 (kcal/mol)
(4) Unbound System's Energy        : -1.494 (kcal/mol)
ENERGY FROM SEARCH: -10.901
FINAL ENERGY: 
Estimated Free Energy of Binding   : -5.435 (kcal/mol) [=(1)+(2)+(3)-(4)]
(1) Final Intermolecular Energy    : -8.826 (kcal/mol)
    Ligand - Receptor              : -8.826 (kcal/mol)
    Ligand - Flex side chains      : 0.000 (kcal/mol)
(2) Final Total Internal Energy    : -2.075 (kcal/mol)
    Ligand                         : -2.075 (kcal/mol)
    Flex   - Receptor              : 0.000 (kcal/mol)
    Flex   - Flex side chains      : 0.000 (kcal/mol)
(3) Torsional Free Energy          : 3.972 (kcal/mol)
(4) Unbound System's Energy        : -1.494 (kcal/mol)
ENERGY FROM SEARCH: -10.870
FINAL ENERGY: 
Estimated Free Energy of Binding   : -5.418 (kcal/mol) [=(1)+(2)+(3)-(4)]
(1) Final Intermolecular Energy    : -9.933 (kcal/mol)
    Ligand - Receptor              : -9.933 (kcal/mol)
    Ligand - Flex side chains      : 0.000 (kcal/mol)
(2) Final Total Internal Energy    : -0.938 (kcal/mol)
    Ligand                         : -0.938 (kcal/mol)
    Flex   - Receptor              : 0.000 (kcal/mol)
    Flex   - Flex side chains      : 0.000 (kcal/mol)
(3) Torsional Free Energy          : 3.959 (kcal/mol)
(4) Unbound System's Energy        : -1.494 (kcal/mol)

mode |   affinity | dist from best mode
     | (kcal/mol) | rmsd l.b.| rmsd u.b.
-----+------------+----------+----------
   1      -5.6186     0.0000     0.0000
   2      -5.6011     8.6433    10.7450
   3      -5.5329     9.0586    11.7765
   4      -5.5206     8.1045    10.0633
   5      -5.5170     2.9132     4.3340
   6      -5.5068     2.3091     3.6588
   7      -5.4835     9.8540    12.2082
   8      -5.4353     2.6759     3.9835
   9      -5.4176     3.4631     8.2575
