AutoDock Vina v1.2.7
#################################################################
# If you used AutoDock Vina in your work, please cite:          #
#                                                               #
# J. Eberhardt, D. Santos-Martins, A. F. Tillack, and S. Forli  #
# AutoDock Vina 1.2.0: New Docking Methods, Expanded Force      #
# Field, and Python Bindings, J. Chem. Inf. Model. (2021)       #
# DOI 10.1021/acs.jcim.1c00203                                  #
#                                                               #
# O. Trott, A. J. Olson,                                        #
# AutoDock Vina: improving the speed and accuracy of docking    #
# with a new scoring function, efficient optimization and       #
# multithreading, J. Comp. Chem. (2010)                         #
# DOI 10.1002/jcc.21334                                         #
#                                                               #
# Please see https://github.com/ccsb-scripps/AutoDock-Vina for  #
# more information.                                             #
#################################################################

Scoring function : vina
Rigid receptor: results/docking\receptors\2AZ5.pdbqt
Ligand: results/docking\ligands\MEROPENEM.pdbqt
Grid center: X -12.8615 Y 71.7005 Z 27.854
Grid size  : X 28 Y 28 Z 28
Grid space : 0.375
Exhaustiveness: 8
CPU: 0
Verbosity: 2

Computing Vina grid ... done.
WARNING: At low exhaustiveness, it may be impossible to utilize all CPUs.
Performing docking (random seed: -683689466) ... 
0%   10   20   30   40   50   60   70   80   90   100%
|----|----|----|----|----|----|----|----|----|----|
***************************************************
done.
ENERGY FROM SEARCH: -8.39062
FINAL ENERGY: 
Estimated Free Energy of Binding   : -5.918 (kcal/mol) [=(1)+(2)+(3)-(4)]
(1) Final Intermolecular Energy    : -7.994 (kcal/mol)
    Ligand - Receptor              : -7.994 (kcal/mol)
    Ligand - Flex side chains      : 0.000 (kcal/mol)
(2) Final Total Internal Energy    : -0.396 (kcal/mol)
    Ligand                         : -0.396 (kcal/mol)
    Flex   - Receptor              : 0.000 (kcal/mol)
    Flex   - Flex side chains      : 0.000 (kcal/mol)
(3) Torsional Free Energy          : 2.076 (kcal/mol)
(4) Unbound System's Energy        : -0.396 (kcal/mol)
ENERGY FROM SEARCH: -8.377
FINAL ENERGY: 
Estimated Free Energy of Binding   : -5.909 (kcal/mol) [=(1)+(2)+(3)-(4)]
(1) Final Intermolecular Energy    : -8.457 (kcal/mol)
    Ligand - Receptor              : -8.457 (kcal/mol)
    Ligand - Flex side chains      : 0.000 (kcal/mol)
(2) Final Total Internal Energy    : 0.079 (kcal/mol)
    Ligand                         : 0.079 (kcal/mol)
    Flex   - Receptor              : 0.000 (kcal/mol)
    Flex   - Flex side chains      : 0.000 (kcal/mol)
(3) Torsional Free Energy          : 2.073 (kcal/mol)
(4) Unbound System's Energy        : -0.396 (kcal/mol)
ENERGY FROM SEARCH: -8.332
FINAL ENERGY: 
Estimated Free Energy of Binding   : -5.875 (kcal/mol) [=(1)+(2)+(3)-(4)]
(1) Final Intermolecular Energy    : -7.867 (kcal/mol)
    Ligand - Receptor              : -7.867 (kcal/mol)
    Ligand - Flex side chains      : 0.000 (kcal/mol)
(2) Final Total Internal Energy    : -0.465 (kcal/mol)
    Ligand                         : -0.465 (kcal/mol)
    Flex   - Receptor              : 0.000 (kcal/mol)
    Flex   - Flex side chains      : 0.000 (kcal/mol)
(3) Torsional Free Energy          : 2.061 (kcal/mol)
(4) Unbound System's Energy        : -0.396 (kcal/mol)
ENERGY FROM SEARCH: -8.226
FINAL ENERGY: 
Estimated Free Energy of Binding   : -5.797 (kcal/mol) [=(1)+(2)+(3)-(4)]
(1) Final Intermolecular Energy    : -7.683 (kcal/mol)
    Ligand - Receptor              : -7.683 (kcal/mol)
    Ligand - Flex side chains      : 0.000 (kcal/mol)
(2) Final Total Internal Energy    : -0.544 (kcal/mol)
    Ligand                         : -0.544 (kcal/mol)
    Flex   - Receptor              : 0.000 (kcal/mol)
    Flex   - Flex side chains      : 0.000 (kcal/mol)
(3) Torsional Free Energy          : 2.033 (kcal/mol)
(4) Unbound System's Energy        : -0.396 (kcal/mol)
ENERGY FROM SEARCH: -8.200
FINAL ENERGY: 
Estimated Free Energy of Binding   : -5.777 (kcal/mol) [=(1)+(2)+(3)-(4)]
(1) Final Intermolecular Energy    : -7.640 (kcal/mol)
    Ligand - Receptor              : -7.640 (kcal/mol)
    Ligand - Flex side chains      : 0.000 (kcal/mol)
(2) Final Total Internal Energy    : -0.560 (kcal/mol)
    Ligand                         : -0.560 (kcal/mol)
    Flex   - Receptor              : 0.000 (kcal/mol)
    Flex   - Flex side chains      : 0.000 (kcal/mol)
(3) Torsional Free Energy          : 2.026 (kcal/mol)
(4) Unbound System's Energy        : -0.396 (kcal/mol)
ENERGY FROM SEARCH: -8.148
FINAL ENERGY: 
Estimated Free Energy of Binding   : -5.739 (kcal/mol) [=(1)+(2)+(3)-(4)]
(1) Final Intermolecular Energy    : -7.751 (kcal/mol)
    Ligand - Receptor              : -7.751 (kcal/mol)
    Ligand - Flex side chains      : 0.000 (kcal/mol)
(2) Final Total Internal Energy    : -0.397 (kcal/mol)
    Ligand                         : -0.397 (kcal/mol)
    Flex   - Receptor              : 0.000 (kcal/mol)
    Flex   - Flex side chains      : 0.000 (kcal/mol)
(3) Torsional Free Energy          : 2.013 (kcal/mol)
(4) Unbound System's Energy        : -0.396 (kcal/mol)
ENERGY FROM SEARCH: -8.097
FINAL ENERGY: 
Estimated Free Energy of Binding   : -5.701 (kcal/mol) [=(1)+(2)+(3)-(4)]
(1) Final Intermolecular Energy    : -7.717 (kcal/mol)
    Ligand - Receptor              : -7.717 (kcal/mol)
    Ligand - Flex side chains      : 0.000 (kcal/mol)
(2) Final Total Internal Energy    : -0.380 (kcal/mol)
    Ligand                         : -0.380 (kcal/mol)
    Flex   - Receptor              : 0.000 (kcal/mol)
    Flex   - Flex side chains      : 0.000 (kcal/mol)
(3) Torsional Free Energy          : 2.000 (kcal/mol)
(4) Unbound System's Energy        : -0.396 (kcal/mol)
ENERGY FROM SEARCH: -8.095
FINAL ENERGY: 
Estimated Free Energy of Binding   : -5.699 (kcal/mol) [=(1)+(2)+(3)-(4)]
(1) Final Intermolecular Energy    : -7.508 (kcal/mol)
    Ligand - Receptor              : -7.508 (kcal/mol)
    Ligand - Flex side chains      : 0.000 (kcal/mol)
(2) Final Total Internal Energy    : -0.587 (kcal/mol)
    Ligand                         : -0.587 (kcal/mol)
    Flex   - Receptor              : 0.000 (kcal/mol)
    Flex   - Flex side chains      : 0.000 (kcal/mol)
(3) Torsional Free Energy          : 1.999 (kcal/mol)
(4) Unbound System's Energy        : -0.396 (kcal/mol)
ENERGY FROM SEARCH: -8.015
FINAL ENERGY: 
Estimated Free Energy of Binding   : -5.640 (kcal/mol) [=(1)+(2)+(3)-(4)]
(1) Final Intermolecular Energy    : -7.693 (kcal/mol)
    Ligand - Receptor              : -7.693 (kcal/mol)
    Ligand - Flex side chains      : 0.000 (kcal/mol)
(2) Final Total Internal Energy    : -0.322 (kcal/mol)
    Ligand                         : -0.322 (kcal/mol)
    Flex   - Receptor              : 0.000 (kcal/mol)
    Flex   - Flex side chains      : 0.000 (kcal/mol)
(3) Torsional Free Energy          : 1.978 (kcal/mol)
(4) Unbound System's Energy        : -0.396 (kcal/mol)

mode |   affinity | dist from best mode
     | (kcal/mol) | rmsd l.b.| rmsd u.b.
-----+------------+----------+----------
   1      -5.9184     0.0000     0.0000
   2      -5.9087     7.4955     9.7382
   3      -5.8751     1.9738     2.6839
   4      -5.7968     2.4507     3.1711
   5      -5.7774    10.6779    13.7939
   6      -5.7390     8.8345    10.6932
   7      -5.7008     8.8362    10.7238
   8      -5.6994     2.3085     2.6828
   9      -5.6404    20.9998    24.0272
