AutoDock Vina v1.2.7
#################################################################
# If you used AutoDock Vina in your work, please cite:          #
#                                                               #
# J. Eberhardt, D. Santos-Martins, A. F. Tillack, and S. Forli  #
# AutoDock Vina 1.2.0: New Docking Methods, Expanded Force      #
# Field, and Python Bindings, J. Chem. Inf. Model. (2021)       #
# DOI 10.1021/acs.jcim.1c00203                                  #
#                                                               #
# O. Trott, A. J. Olson,                                        #
# AutoDock Vina: improving the speed and accuracy of docking    #
# with a new scoring function, efficient optimization and       #
# multithreading, J. Comp. Chem. (2010)                         #
# DOI 10.1002/jcc.21334                                         #
#                                                               #
# Please see https://github.com/ccsb-scripps/AutoDock-Vina for  #
# more information.                                             #
#################################################################

Scoring function : vina
Rigid receptor: results/docking\receptors\2AZ5.pdbqt
Ligand: results/docking\ligands\PRASUGREL.pdbqt
Grid center: X -12.8615 Y 71.7005 Z 27.854
Grid size  : X 28 Y 28 Z 28
Grid space : 0.375
Exhaustiveness: 8
CPU: 0
Verbosity: 2

Computing Vina grid ... done.
WARNING: At low exhaustiveness, it may be impossible to utilize all CPUs.
Performing docking (random seed: 1792459743) ... 
0%   10   20   30   40   50   60   70   80   90   100%
|----|----|----|----|----|----|----|----|----|----|
***************************************************
done.
ENERGY FROM SEARCH: -11.2946
FINAL ENERGY: 
Estimated Free Energy of Binding   : -7.880 (kcal/mol) [=(1)+(2)+(3)-(4)]
(1) Final Intermolecular Energy    : -10.645 (kcal/mol)
    Ligand - Receptor              : -10.645 (kcal/mol)
    Ligand - Flex side chains      : 0.000 (kcal/mol)
(2) Final Total Internal Energy    : -0.650 (kcal/mol)
    Ligand                         : -0.650 (kcal/mol)
    Flex   - Receptor              : 0.000 (kcal/mol)
    Flex   - Flex side chains      : 0.000 (kcal/mol)
(3) Torsional Free Energy          : 2.764 (kcal/mol)
(4) Unbound System's Energy        : -0.650 (kcal/mol)
ENERGY FROM SEARCH: -11.170
FINAL ENERGY: 
Estimated Free Energy of Binding   : -7.788 (kcal/mol) [=(1)+(2)+(3)-(4)]
(1) Final Intermolecular Energy    : -10.687 (kcal/mol)
    Ligand - Receptor              : -10.687 (kcal/mol)
    Ligand - Flex side chains      : 0.000 (kcal/mol)
(2) Final Total Internal Energy    : -0.483 (kcal/mol)
    Ligand                         : -0.483 (kcal/mol)
    Flex   - Receptor              : 0.000 (kcal/mol)
    Flex   - Flex side chains      : 0.000 (kcal/mol)
(3) Torsional Free Energy          : 2.732 (kcal/mol)
(4) Unbound System's Energy        : -0.650 (kcal/mol)
ENERGY FROM SEARCH: -11.000
FINAL ENERGY: 
Estimated Free Energy of Binding   : -7.662 (kcal/mol) [=(1)+(2)+(3)-(4)]
(1) Final Intermolecular Energy    : -10.550 (kcal/mol)
    Ligand - Receptor              : -10.550 (kcal/mol)
    Ligand - Flex side chains      : 0.000 (kcal/mol)
(2) Final Total Internal Energy    : -0.450 (kcal/mol)
    Ligand                         : -0.450 (kcal/mol)
    Flex   - Receptor              : 0.000 (kcal/mol)
    Flex   - Flex side chains      : 0.000 (kcal/mol)
(3) Torsional Free Energy          : 2.688 (kcal/mol)
(4) Unbound System's Energy        : -0.650 (kcal/mol)
ENERGY FROM SEARCH: -10.669
FINAL ENERGY: 
Estimated Free Energy of Binding   : -7.417 (kcal/mol) [=(1)+(2)+(3)-(4)]
(1) Final Intermolecular Energy    : -10.529 (kcal/mol)
    Ligand - Receptor              : -10.529 (kcal/mol)
    Ligand - Flex side chains      : 0.000 (kcal/mol)
(2) Final Total Internal Energy    : -0.140 (kcal/mol)
    Ligand                         : -0.140 (kcal/mol)
    Flex   - Receptor              : 0.000 (kcal/mol)
    Flex   - Flex side chains      : 0.000 (kcal/mol)
(3) Torsional Free Energy          : 2.602 (kcal/mol)
(4) Unbound System's Energy        : -0.650 (kcal/mol)
ENERGY FROM SEARCH: -10.303
FINAL ENERGY: 
Estimated Free Energy of Binding   : -7.146 (kcal/mol) [=(1)+(2)+(3)-(4)]
(1) Final Intermolecular Energy    : -10.072 (kcal/mol)
    Ligand - Receptor              : -10.072 (kcal/mol)
    Ligand - Flex side chains      : 0.000 (kcal/mol)
(2) Final Total Internal Energy    : -0.231 (kcal/mol)
    Ligand                         : -0.231 (kcal/mol)
    Flex   - Receptor              : 0.000 (kcal/mol)
    Flex   - Flex side chains      : 0.000 (kcal/mol)
(3) Torsional Free Energy          : 2.507 (kcal/mol)
(4) Unbound System's Energy        : -0.650 (kcal/mol)
ENERGY FROM SEARCH: -10.212
FINAL ENERGY: 
Estimated Free Energy of Binding   : -7.079 (kcal/mol) [=(1)+(2)+(3)-(4)]
(1) Final Intermolecular Energy    : -10.588 (kcal/mol)
    Ligand - Receptor              : -10.588 (kcal/mol)
    Ligand - Flex side chains      : 0.000 (kcal/mol)
(2) Final Total Internal Energy    : 0.376 (kcal/mol)
    Ligand                         : 0.376 (kcal/mol)
    Flex   - Receptor              : 0.000 (kcal/mol)
    Flex   - Flex side chains      : 0.000 (kcal/mol)
(3) Torsional Free Energy          : 2.483 (kcal/mol)
(4) Unbound System's Energy        : -0.650 (kcal/mol)
ENERGY FROM SEARCH: -9.835
FINAL ENERGY: 
Estimated Free Energy of Binding   : -6.800 (kcal/mol) [=(1)+(2)+(3)-(4)]
(1) Final Intermolecular Energy    : -9.626 (kcal/mol)
    Ligand - Receptor              : -9.626 (kcal/mol)
    Ligand - Flex side chains      : 0.000 (kcal/mol)
(2) Final Total Internal Energy    : -0.209 (kcal/mol)
    Ligand                         : -0.209 (kcal/mol)
    Flex   - Receptor              : 0.000 (kcal/mol)
    Flex   - Flex side chains      : 0.000 (kcal/mol)
(3) Torsional Free Energy          : 2.385 (kcal/mol)
(4) Unbound System's Energy        : -0.650 (kcal/mol)
ENERGY FROM SEARCH: -9.734
FINAL ENERGY: 
Estimated Free Energy of Binding   : -6.725 (kcal/mol) [=(1)+(2)+(3)-(4)]
(1) Final Intermolecular Energy    : -9.147 (kcal/mol)
    Ligand - Receptor              : -9.147 (kcal/mol)
    Ligand - Flex side chains      : 0.000 (kcal/mol)
(2) Final Total Internal Energy    : -0.587 (kcal/mol)
    Ligand                         : -0.587 (kcal/mol)
    Flex   - Receptor              : 0.000 (kcal/mol)
    Flex   - Flex side chains      : 0.000 (kcal/mol)
(3) Torsional Free Energy          : 2.359 (kcal/mol)
(4) Unbound System's Energy        : -0.650 (kcal/mol)
ENERGY FROM SEARCH: -9.659
FINAL ENERGY: 
Estimated Free Energy of Binding   : -6.669 (kcal/mol) [=(1)+(2)+(3)-(4)]
(1) Final Intermolecular Energy    : -8.920 (kcal/mol)
    Ligand - Receptor              : -8.920 (kcal/mol)
    Ligand - Flex side chains      : 0.000 (kcal/mol)
(2) Final Total Internal Energy    : -0.739 (kcal/mol)
    Ligand                         : -0.739 (kcal/mol)
    Flex   - Receptor              : 0.000 (kcal/mol)
    Flex   - Flex side chains      : 0.000 (kcal/mol)
(3) Torsional Free Energy          : 2.339 (kcal/mol)
(4) Unbound System's Energy        : -0.650 (kcal/mol)

mode |   affinity | dist from best mode
     | (kcal/mol) | rmsd l.b.| rmsd u.b.
-----+------------+----------+----------
   1      -7.8805     0.0000     0.0000
   2      -7.7879     3.9942     6.1640
   3      -7.6622     6.1459     8.8154
   4      -7.4174     5.5109     9.1098
   5      -7.1462     5.1136     7.7351
   6      -7.0790     1.8177     3.8439
   7      -6.7997     8.8214    11.5283
   8      -6.7251     4.3553     5.4945
   9      -6.6695     5.5697     9.0082
