AutoDock Vina v1.2.7
#################################################################
# If you used AutoDock Vina in your work, please cite:          #
#                                                               #
# J. Eberhardt, D. Santos-Martins, A. F. Tillack, and S. Forli  #
# AutoDock Vina 1.2.0: New Docking Methods, Expanded Force      #
# Field, and Python Bindings, J. Chem. Inf. Model. (2021)       #
# DOI 10.1021/acs.jcim.1c00203                                  #
#                                                               #
# O. Trott, A. J. Olson,                                        #
# AutoDock Vina: improving the speed and accuracy of docking    #
# with a new scoring function, efficient optimization and       #
# multithreading, J. Comp. Chem. (2010)                         #
# DOI 10.1002/jcc.21334                                         #
#                                                               #
# Please see https://github.com/ccsb-scripps/AutoDock-Vina for  #
# more information.                                             #
#################################################################

Scoring function : vina
Rigid receptor: results/docking\receptors\4G6J.pdbqt
Ligand: results/docking\ligands\GLUCOSAMINE.pdbqt
Grid center: X 27.053 Y -7.881 Z -70.732
Grid size  : X 28 Y 28 Z 28
Grid space : 0.375
Exhaustiveness: 8
CPU: 0
Verbosity: 2

Computing Vina grid ... done.
WARNING: At low exhaustiveness, it may be impossible to utilize all CPUs.
Performing docking (random seed: -1214089027) ... 
0%   10   20   30   40   50   60   70   80   90   100%
|----|----|----|----|----|----|----|----|----|----|
***************************************************
done.
ENERGY FROM SEARCH: -6.60968
FINAL ENERGY: 
Estimated Free Energy of Binding   : -5.449 (kcal/mol) [=(1)+(2)+(3)-(4)]
(1) Final Intermolecular Energy    : -6.563 (kcal/mol)
    Ligand - Receptor              : -6.563 (kcal/mol)
    Ligand - Flex side chains      : 0.000 (kcal/mol)
(2) Final Total Internal Energy    : -0.046 (kcal/mol)
    Ligand                         : -0.046 (kcal/mol)
    Flex   - Receptor              : 0.000 (kcal/mol)
    Flex   - Flex side chains      : 0.000 (kcal/mol)
(3) Torsional Free Energy          : 1.115 (kcal/mol)
(4) Unbound System's Energy        : -0.046 (kcal/mol)
ENERGY FROM SEARCH: -6.609
FINAL ENERGY: 
Estimated Free Energy of Binding   : -5.448 (kcal/mol) [=(1)+(2)+(3)-(4)]
(1) Final Intermolecular Energy    : -6.358 (kcal/mol)
    Ligand - Receptor              : -6.358 (kcal/mol)
    Ligand - Flex side chains      : 0.000 (kcal/mol)
(2) Final Total Internal Energy    : -0.251 (kcal/mol)
    Ligand                         : -0.251 (kcal/mol)
    Flex   - Receptor              : 0.000 (kcal/mol)
    Flex   - Flex side chains      : 0.000 (kcal/mol)
(3) Torsional Free Energy          : 1.115 (kcal/mol)
(4) Unbound System's Energy        : -0.046 (kcal/mol)
ENERGY FROM SEARCH: -6.581
FINAL ENERGY: 
Estimated Free Energy of Binding   : -5.425 (kcal/mol) [=(1)+(2)+(3)-(4)]
(1) Final Intermolecular Energy    : -6.329 (kcal/mol)
    Ligand - Receptor              : -6.329 (kcal/mol)
    Ligand - Flex side chains      : 0.000 (kcal/mol)
(2) Final Total Internal Energy    : -0.253 (kcal/mol)
    Ligand                         : -0.253 (kcal/mol)
    Flex   - Receptor              : 0.000 (kcal/mol)
    Flex   - Flex side chains      : 0.000 (kcal/mol)
(3) Torsional Free Energy          : 1.110 (kcal/mol)
(4) Unbound System's Energy        : -0.046 (kcal/mol)
ENERGY FROM SEARCH: -6.559
FINAL ENERGY: 
Estimated Free Energy of Binding   : -5.406 (kcal/mol) [=(1)+(2)+(3)-(4)]
(1) Final Intermolecular Energy    : -6.347 (kcal/mol)
    Ligand - Receptor              : -6.347 (kcal/mol)
    Ligand - Flex side chains      : 0.000 (kcal/mol)
(2) Final Total Internal Energy    : -0.211 (kcal/mol)
    Ligand                         : -0.211 (kcal/mol)
    Flex   - Receptor              : 0.000 (kcal/mol)
    Flex   - Flex side chains      : 0.000 (kcal/mol)
(3) Torsional Free Energy          : 1.106 (kcal/mol)
(4) Unbound System's Energy        : -0.046 (kcal/mol)
ENERGY FROM SEARCH: -6.427
FINAL ENERGY: 
Estimated Free Energy of Binding   : -5.297 (kcal/mol) [=(1)+(2)+(3)-(4)]
(1) Final Intermolecular Energy    : -6.183 (kcal/mol)
    Ligand - Receptor              : -6.183 (kcal/mol)
    Ligand - Flex side chains      : 0.000 (kcal/mol)
(2) Final Total Internal Energy    : -0.244 (kcal/mol)
    Ligand                         : -0.244 (kcal/mol)
    Flex   - Receptor              : 0.000 (kcal/mol)
    Flex   - Flex side chains      : 0.000 (kcal/mol)
(3) Torsional Free Energy          : 1.084 (kcal/mol)
(4) Unbound System's Energy        : -0.046 (kcal/mol)
ENERGY FROM SEARCH: -6.416
FINAL ENERGY: 
Estimated Free Energy of Binding   : -5.288 (kcal/mol) [=(1)+(2)+(3)-(4)]
(1) Final Intermolecular Energy    : -6.180 (kcal/mol)
    Ligand - Receptor              : -6.180 (kcal/mol)
    Ligand - Flex side chains      : 0.000 (kcal/mol)
(2) Final Total Internal Energy    : -0.237 (kcal/mol)
    Ligand                         : -0.237 (kcal/mol)
    Flex   - Receptor              : 0.000 (kcal/mol)
    Flex   - Flex side chains      : 0.000 (kcal/mol)
(3) Torsional Free Energy          : 1.082 (kcal/mol)
(4) Unbound System's Energy        : -0.046 (kcal/mol)
ENERGY FROM SEARCH: -6.263
FINAL ENERGY: 
Estimated Free Energy of Binding   : -5.161 (kcal/mol) [=(1)+(2)+(3)-(4)]
(1) Final Intermolecular Energy    : -6.034 (kcal/mol)
    Ligand - Receptor              : -6.034 (kcal/mol)
    Ligand - Flex side chains      : 0.000 (kcal/mol)
(2) Final Total Internal Energy    : -0.229 (kcal/mol)
    Ligand                         : -0.229 (kcal/mol)
    Flex   - Receptor              : 0.000 (kcal/mol)
    Flex   - Flex side chains      : 0.000 (kcal/mol)
(3) Torsional Free Energy          : 1.056 (kcal/mol)
(4) Unbound System's Energy        : -0.046 (kcal/mol)
ENERGY FROM SEARCH: -6.202
FINAL ENERGY: 
Estimated Free Energy of Binding   : -5.110 (kcal/mol) [=(1)+(2)+(3)-(4)]
(1) Final Intermolecular Energy    : -6.155 (kcal/mol)
    Ligand - Receptor              : -6.155 (kcal/mol)
    Ligand - Flex side chains      : 0.000 (kcal/mol)
(2) Final Total Internal Energy    : -0.047 (kcal/mol)
    Ligand                         : -0.047 (kcal/mol)
    Flex   - Receptor              : 0.000 (kcal/mol)
    Flex   - Flex side chains      : 0.000 (kcal/mol)
(3) Torsional Free Energy          : 1.046 (kcal/mol)
(4) Unbound System's Energy        : -0.046 (kcal/mol)
ENERGY FROM SEARCH: -6.171
FINAL ENERGY: 
Estimated Free Energy of Binding   : -5.084 (kcal/mol) [=(1)+(2)+(3)-(4)]
(1) Final Intermolecular Energy    : -5.926 (kcal/mol)
    Ligand - Receptor              : -5.926 (kcal/mol)
    Ligand - Flex side chains      : 0.000 (kcal/mol)
(2) Final Total Internal Energy    : -0.245 (kcal/mol)
    Ligand                         : -0.245 (kcal/mol)
    Flex   - Receptor              : 0.000 (kcal/mol)
    Flex   - Flex side chains      : 0.000 (kcal/mol)
(3) Torsional Free Energy          : 1.040 (kcal/mol)
(4) Unbound System's Energy        : -0.046 (kcal/mol)

mode |   affinity | dist from best mode
     | (kcal/mol) | rmsd l.b.| rmsd u.b.
-----+------------+----------+----------
   1      -5.4486     0.0000     0.0000
   2      -5.4482     1.6551     2.3268
   3      -5.4252     1.9211     3.5957
   4      -5.4061     1.0391     2.9466
   5      -5.2969    15.9266    16.7891
   6      -5.2880     2.3582     3.8728
   7      -5.1605    15.7776    16.9161
   8      -5.1101     2.4910     4.7691
   9      -5.0841     2.7678     3.6327
