AutoDock Vina v1.2.7
#################################################################
# If you used AutoDock Vina in your work, please cite:          #
#                                                               #
# J. Eberhardt, D. Santos-Martins, A. F. Tillack, and S. Forli  #
# AutoDock Vina 1.2.0: New Docking Methods, Expanded Force      #
# Field, and Python Bindings, J. Chem. Inf. Model. (2021)       #
# DOI 10.1021/acs.jcim.1c00203                                  #
#                                                               #
# O. Trott, A. J. Olson,                                        #
# AutoDock Vina: improving the speed and accuracy of docking    #
# with a new scoring function, efficient optimization and       #
# multithreading, J. Comp. Chem. (2010)                         #
# DOI 10.1002/jcc.21334                                         #
#                                                               #
# Please see https://github.com/ccsb-scripps/AutoDock-Vina for  #
# more information.                                             #
#################################################################

Scoring function : vina
Rigid receptor: results/docking\receptors\4G6J.pdbqt
Ligand: results/docking\ligands\MEROPENEM.pdbqt
Grid center: X 27.053 Y -7.881 Z -70.732
Grid size  : X 28 Y 28 Z 28
Grid space : 0.375
Exhaustiveness: 8
CPU: 0
Verbosity: 2

Computing Vina grid ... done.
WARNING: At low exhaustiveness, it may be impossible to utilize all CPUs.
Performing docking (random seed: 1348710170) ... 
0%   10   20   30   40   50   60   70   80   90   100%
|----|----|----|----|----|----|----|----|----|----|
***************************************************
done.
ENERGY FROM SEARCH: -10.2704
FINAL ENERGY: 
Estimated Free Energy of Binding   : -7.413 (kcal/mol) [=(1)+(2)+(3)-(4)]
(1) Final Intermolecular Energy    : -10.013 (kcal/mol)
    Ligand - Receptor              : -10.013 (kcal/mol)
    Ligand - Flex side chains      : 0.000 (kcal/mol)
(2) Final Total Internal Energy    : -0.258 (kcal/mol)
    Ligand                         : -0.258 (kcal/mol)
    Flex   - Receptor              : 0.000 (kcal/mol)
    Flex   - Flex side chains      : 0.000 (kcal/mol)
(3) Torsional Free Energy          : 2.600 (kcal/mol)
(4) Unbound System's Energy        : -0.258 (kcal/mol)
ENERGY FROM SEARCH: -9.752
FINAL ENERGY: 
Estimated Free Energy of Binding   : -7.029 (kcal/mol) [=(1)+(2)+(3)-(4)]
(1) Final Intermolecular Energy    : -9.555 (kcal/mol)
    Ligand - Receptor              : -9.555 (kcal/mol)
    Ligand - Flex side chains      : 0.000 (kcal/mol)
(2) Final Total Internal Energy    : -0.197 (kcal/mol)
    Ligand                         : -0.197 (kcal/mol)
    Flex   - Receptor              : 0.000 (kcal/mol)
    Flex   - Flex side chains      : 0.000 (kcal/mol)
(3) Torsional Free Energy          : 2.465 (kcal/mol)
(4) Unbound System's Energy        : -0.258 (kcal/mol)
ENERGY FROM SEARCH: -9.246
FINAL ENERGY: 
Estimated Free Energy of Binding   : -6.654 (kcal/mol) [=(1)+(2)+(3)-(4)]
(1) Final Intermolecular Energy    : -8.943 (kcal/mol)
    Ligand - Receptor              : -8.943 (kcal/mol)
    Ligand - Flex side chains      : 0.000 (kcal/mol)
(2) Final Total Internal Energy    : -0.302 (kcal/mol)
    Ligand                         : -0.302 (kcal/mol)
    Flex   - Receptor              : 0.000 (kcal/mol)
    Flex   - Flex side chains      : 0.000 (kcal/mol)
(3) Torsional Free Energy          : 2.334 (kcal/mol)
(4) Unbound System's Energy        : -0.258 (kcal/mol)
ENERGY FROM SEARCH: -9.175
FINAL ENERGY: 
Estimated Free Energy of Binding   : -6.601 (kcal/mol) [=(1)+(2)+(3)-(4)]
(1) Final Intermolecular Energy    : -8.915 (kcal/mol)
    Ligand - Receptor              : -8.915 (kcal/mol)
    Ligand - Flex side chains      : 0.000 (kcal/mol)
(2) Final Total Internal Energy    : -0.260 (kcal/mol)
    Ligand                         : -0.260 (kcal/mol)
    Flex   - Receptor              : 0.000 (kcal/mol)
    Flex   - Flex side chains      : 0.000 (kcal/mol)
(3) Torsional Free Energy          : 2.315 (kcal/mol)
(4) Unbound System's Energy        : -0.258 (kcal/mol)
ENERGY FROM SEARCH: -9.020
FINAL ENERGY: 
Estimated Free Energy of Binding   : -6.487 (kcal/mol) [=(1)+(2)+(3)-(4)]
(1) Final Intermolecular Energy    : -8.543 (kcal/mol)
    Ligand - Receptor              : -8.543 (kcal/mol)
    Ligand - Flex side chains      : 0.000 (kcal/mol)
(2) Final Total Internal Energy    : -0.476 (kcal/mol)
    Ligand                         : -0.476 (kcal/mol)
    Flex   - Receptor              : 0.000 (kcal/mol)
    Flex   - Flex side chains      : 0.000 (kcal/mol)
(3) Torsional Free Energy          : 2.275 (kcal/mol)
(4) Unbound System's Energy        : -0.258 (kcal/mol)
ENERGY FROM SEARCH: -8.922
FINAL ENERGY: 
Estimated Free Energy of Binding   : -6.414 (kcal/mol) [=(1)+(2)+(3)-(4)]
(1) Final Intermolecular Energy    : -8.806 (kcal/mol)
    Ligand - Receptor              : -8.806 (kcal/mol)
    Ligand - Flex side chains      : 0.000 (kcal/mol)
(2) Final Total Internal Energy    : -0.116 (kcal/mol)
    Ligand                         : -0.116 (kcal/mol)
    Flex   - Receptor              : 0.000 (kcal/mol)
    Flex   - Flex side chains      : 0.000 (kcal/mol)
(3) Torsional Free Energy          : 2.250 (kcal/mol)
(4) Unbound System's Energy        : -0.258 (kcal/mol)
ENERGY FROM SEARCH: -8.743
FINAL ENERGY: 
Estimated Free Energy of Binding   : -6.282 (kcal/mol) [=(1)+(2)+(3)-(4)]
(1) Final Intermolecular Energy    : -8.391 (kcal/mol)
    Ligand - Receptor              : -8.391 (kcal/mol)
    Ligand - Flex side chains      : 0.000 (kcal/mol)
(2) Final Total Internal Energy    : -0.352 (kcal/mol)
    Ligand                         : -0.352 (kcal/mol)
    Flex   - Receptor              : 0.000 (kcal/mol)
    Flex   - Flex side chains      : 0.000 (kcal/mol)
(3) Torsional Free Energy          : 2.203 (kcal/mol)
(4) Unbound System's Energy        : -0.258 (kcal/mol)
ENERGY FROM SEARCH: -8.653
FINAL ENERGY: 
Estimated Free Energy of Binding   : -6.215 (kcal/mol) [=(1)+(2)+(3)-(4)]
(1) Final Intermolecular Energy    : -8.236 (kcal/mol)
    Ligand - Receptor              : -8.236 (kcal/mol)
    Ligand - Flex side chains      : 0.000 (kcal/mol)
(2) Final Total Internal Energy    : -0.417 (kcal/mol)
    Ligand                         : -0.417 (kcal/mol)
    Flex   - Receptor              : 0.000 (kcal/mol)
    Flex   - Flex side chains      : 0.000 (kcal/mol)
(3) Torsional Free Energy          : 2.180 (kcal/mol)
(4) Unbound System's Energy        : -0.258 (kcal/mol)
ENERGY FROM SEARCH: -8.584
FINAL ENERGY: 
Estimated Free Energy of Binding   : -6.164 (kcal/mol) [=(1)+(2)+(3)-(4)]
(1) Final Intermolecular Energy    : -8.131 (kcal/mol)
    Ligand - Receptor              : -8.131 (kcal/mol)
    Ligand - Flex side chains      : 0.000 (kcal/mol)
(2) Final Total Internal Energy    : -0.453 (kcal/mol)
    Ligand                         : -0.453 (kcal/mol)
    Flex   - Receptor              : 0.000 (kcal/mol)
    Flex   - Flex side chains      : 0.000 (kcal/mol)
(3) Torsional Free Energy          : 2.162 (kcal/mol)
(4) Unbound System's Energy        : -0.258 (kcal/mol)

mode |   affinity | dist from best mode
     | (kcal/mol) | rmsd l.b.| rmsd u.b.
-----+------------+----------+----------
   1      -7.4125     0.0000     0.0000
   2      -7.0287     1.6711     1.9526
   3      -6.6541     3.5031     5.0124
   4      -6.6014     2.2090     3.6160
   5      -6.4866     2.5871     3.6451
   6      -6.4140    13.7464    15.6814
   7      -6.2820     2.3063     7.4185
   8      -6.2152    13.4540    15.1602
   9      -6.1639     2.4462     6.9435
