AutoDock Vina v1.2.7
#################################################################
# If you used AutoDock Vina in your work, please cite:          #
#                                                               #
# J. Eberhardt, D. Santos-Martins, A. F. Tillack, and S. Forli  #
# AutoDock Vina 1.2.0: New Docking Methods, Expanded Force      #
# Field, and Python Bindings, J. Chem. Inf. Model. (2021)       #
# DOI 10.1021/acs.jcim.1c00203                                  #
#                                                               #
# O. Trott, A. J. Olson,                                        #
# AutoDock Vina: improving the speed and accuracy of docking    #
# with a new scoring function, efficient optimization and       #
# multithreading, J. Comp. Chem. (2010)                         #
# DOI 10.1002/jcc.21334                                         #
#                                                               #
# Please see https://github.com/ccsb-scripps/AutoDock-Vina for  #
# more information.                                             #
#################################################################

Scoring function : vina
Rigid receptor: results/docking\receptors\4NTJ.pdbqt
Ligand: results/docking\ligands\GLUCOSAMINE.pdbqt
Grid center: X 18.3965 Y 78.174 Z 31.0675
Grid size  : X 28 Y 28 Z 28
Grid space : 0.375
Exhaustiveness: 8
CPU: 0
Verbosity: 2

Computing Vina grid ... done.
WARNING: At low exhaustiveness, it may be impossible to utilize all CPUs.
Performing docking (random seed: -1651760955) ... 
0%   10   20   30   40   50   60   70   80   90   100%
|----|----|----|----|----|----|----|----|----|----|
***************************************************
done.
ENERGY FROM SEARCH: -5.71595
FINAL ENERGY: 
Estimated Free Energy of Binding   : -4.547 (kcal/mol) [=(1)+(2)+(3)-(4)]
(1) Final Intermolecular Energy    : -5.478 (kcal/mol)
    Ligand - Receptor              : -5.478 (kcal/mol)
    Ligand - Flex side chains      : 0.000 (kcal/mol)
(2) Final Total Internal Energy    : -0.238 (kcal/mol)
    Ligand                         : -0.238 (kcal/mol)
    Flex   - Receptor              : 0.000 (kcal/mol)
    Flex   - Flex side chains      : 0.000 (kcal/mol)
(3) Torsional Free Energy          : 0.930 (kcal/mol)
(4) Unbound System's Energy        : -0.238 (kcal/mol)
ENERGY FROM SEARCH: -5.672
FINAL ENERGY: 
Estimated Free Energy of Binding   : -4.511 (kcal/mol) [=(1)+(2)+(3)-(4)]
(1) Final Intermolecular Energy    : -5.621 (kcal/mol)
    Ligand - Receptor              : -5.621 (kcal/mol)
    Ligand - Flex side chains      : 0.000 (kcal/mol)
(2) Final Total Internal Energy    : -0.051 (kcal/mol)
    Ligand                         : -0.051 (kcal/mol)
    Flex   - Receptor              : 0.000 (kcal/mol)
    Flex   - Flex side chains      : 0.000 (kcal/mol)
(3) Torsional Free Energy          : 0.923 (kcal/mol)
(4) Unbound System's Energy        : -0.238 (kcal/mol)
ENERGY FROM SEARCH: -5.426
FINAL ENERGY: 
Estimated Free Energy of Binding   : -4.307 (kcal/mol) [=(1)+(2)+(3)-(4)]
(1) Final Intermolecular Energy    : -5.196 (kcal/mol)
    Ligand - Receptor              : -5.196 (kcal/mol)
    Ligand - Flex side chains      : 0.000 (kcal/mol)
(2) Final Total Internal Energy    : -0.230 (kcal/mol)
    Ligand                         : -0.230 (kcal/mol)
    Flex   - Receptor              : 0.000 (kcal/mol)
    Flex   - Flex side chains      : 0.000 (kcal/mol)
(3) Torsional Free Energy          : 0.881 (kcal/mol)
(4) Unbound System's Energy        : -0.238 (kcal/mol)
ENERGY FROM SEARCH: -5.371
FINAL ENERGY: 
Estimated Free Energy of Binding   : -4.260 (kcal/mol) [=(1)+(2)+(3)-(4)]
(1) Final Intermolecular Energy    : -5.130 (kcal/mol)
    Ligand - Receptor              : -5.130 (kcal/mol)
    Ligand - Flex side chains      : 0.000 (kcal/mol)
(2) Final Total Internal Energy    : -0.240 (kcal/mol)
    Ligand                         : -0.240 (kcal/mol)
    Flex   - Receptor              : 0.000 (kcal/mol)
    Flex   - Flex side chains      : 0.000 (kcal/mol)
(3) Torsional Free Energy          : 0.872 (kcal/mol)
(4) Unbound System's Energy        : -0.238 (kcal/mol)
ENERGY FROM SEARCH: -5.282
FINAL ENERGY: 
Estimated Free Energy of Binding   : -4.187 (kcal/mol) [=(1)+(2)+(3)-(4)]
(1) Final Intermolecular Energy    : -5.047 (kcal/mol)
    Ligand - Receptor              : -5.047 (kcal/mol)
    Ligand - Flex side chains      : 0.000 (kcal/mol)
(2) Final Total Internal Energy    : -0.236 (kcal/mol)
    Ligand                         : -0.236 (kcal/mol)
    Flex   - Receptor              : 0.000 (kcal/mol)
    Flex   - Flex side chains      : 0.000 (kcal/mol)
(3) Torsional Free Energy          : 0.857 (kcal/mol)
(4) Unbound System's Energy        : -0.238 (kcal/mol)
ENERGY FROM SEARCH: -5.226
FINAL ENERGY: 
Estimated Free Energy of Binding   : -4.140 (kcal/mol) [=(1)+(2)+(3)-(4)]
(1) Final Intermolecular Energy    : -5.185 (kcal/mol)
    Ligand - Receptor              : -5.185 (kcal/mol)
    Ligand - Flex side chains      : 0.000 (kcal/mol)
(2) Final Total Internal Energy    : -0.041 (kcal/mol)
    Ligand                         : -0.041 (kcal/mol)
    Flex   - Receptor              : 0.000 (kcal/mol)
    Flex   - Flex side chains      : 0.000 (kcal/mol)
(3) Torsional Free Energy          : 0.847 (kcal/mol)
(4) Unbound System's Energy        : -0.238 (kcal/mol)
ENERGY FROM SEARCH: -5.068
FINAL ENERGY: 
Estimated Free Energy of Binding   : -4.009 (kcal/mol) [=(1)+(2)+(3)-(4)]
(1) Final Intermolecular Energy    : -4.820 (kcal/mol)
    Ligand - Receptor              : -4.820 (kcal/mol)
    Ligand - Flex side chains      : 0.000 (kcal/mol)
(2) Final Total Internal Energy    : -0.248 (kcal/mol)
    Ligand                         : -0.248 (kcal/mol)
    Flex   - Receptor              : 0.000 (kcal/mol)
    Flex   - Flex side chains      : 0.000 (kcal/mol)
(3) Torsional Free Energy          : 0.820 (kcal/mol)
(4) Unbound System's Energy        : -0.238 (kcal/mol)
ENERGY FROM SEARCH: -4.991
FINAL ENERGY: 
Estimated Free Energy of Binding   : -3.946 (kcal/mol) [=(1)+(2)+(3)-(4)]
(1) Final Intermolecular Energy    : -4.780 (kcal/mol)
    Ligand - Receptor              : -4.780 (kcal/mol)
    Ligand - Flex side chains      : 0.000 (kcal/mol)
(2) Final Total Internal Energy    : -0.211 (kcal/mol)
    Ligand                         : -0.211 (kcal/mol)
    Flex   - Receptor              : 0.000 (kcal/mol)
    Flex   - Flex side chains      : 0.000 (kcal/mol)
(3) Torsional Free Energy          : 0.807 (kcal/mol)
(4) Unbound System's Energy        : -0.238 (kcal/mol)
ENERGY FROM SEARCH: -4.678
FINAL ENERGY: 
Estimated Free Energy of Binding   : -3.685 (kcal/mol) [=(1)+(2)+(3)-(4)]
(1) Final Intermolecular Energy    : -4.432 (kcal/mol)
    Ligand - Receptor              : -4.432 (kcal/mol)
    Ligand - Flex side chains      : 0.000 (kcal/mol)
(2) Final Total Internal Energy    : -0.245 (kcal/mol)
    Ligand                         : -0.245 (kcal/mol)
    Flex   - Receptor              : 0.000 (kcal/mol)
    Flex   - Flex side chains      : 0.000 (kcal/mol)
(3) Torsional Free Energy          : 0.754 (kcal/mol)
(4) Unbound System's Energy        : -0.238 (kcal/mol)

mode |   affinity | dist from best mode
     | (kcal/mol) | rmsd l.b.| rmsd u.b.
-----+------------+----------+----------
   1      -4.5472     0.0000     0.0000
   2      -4.5105     2.3169     4.4723
   3      -4.3069     1.3343     2.8871
   4      -4.2605     2.8155     4.7118
   5      -4.1873    10.0632    11.4032
   6      -4.1404     2.7587     4.1184
   7      -4.0092    10.3255    11.6643
   8      -3.9456     2.2006     4.6323
   9      -3.6851    10.2256    11.8557
