AutoDock Vina v1.2.7
#################################################################
# If you used AutoDock Vina in your work, please cite:          #
#                                                               #
# J. Eberhardt, D. Santos-Martins, A. F. Tillack, and S. Forli  #
# AutoDock Vina 1.2.0: New Docking Methods, Expanded Force      #
# Field, and Python Bindings, J. Chem. Inf. Model. (2021)       #
# DOI 10.1021/acs.jcim.1c00203                                  #
#                                                               #
# O. Trott, A. J. Olson,                                        #
# AutoDock Vina: improving the speed and accuracy of docking    #
# with a new scoring function, efficient optimization and       #
# multithreading, J. Comp. Chem. (2010)                         #
# DOI 10.1002/jcc.21334                                         #
#                                                               #
# Please see https://github.com/ccsb-scripps/AutoDock-Vina for  #
# more information.                                             #
#################################################################

Scoring function : vina
Rigid receptor: results/docking\receptors\4NTJ.pdbqt
Ligand: results/docking\ligands\BISOPROLOL.pdbqt
Grid center: X 18.3965 Y 78.174 Z 31.0675
Grid size  : X 28 Y 28 Z 28
Grid space : 0.375
Exhaustiveness: 8
CPU: 0
Verbosity: 2

Computing Vina grid ... done.
WARNING: At low exhaustiveness, it may be impossible to utilize all CPUs.
Performing docking (random seed: 1140921878) ... 
0%   10   20   30   40   50   60   70   80   90   100%
|----|----|----|----|----|----|----|----|----|----|
***************************************************
done.
ENERGY FROM SEARCH: -10.0744
FINAL ENERGY: 
Estimated Free Energy of Binding   : -4.954 (kcal/mol) [=(1)+(2)+(3)-(4)]
(1) Final Intermolecular Energy    : -8.573 (kcal/mol)
    Ligand - Receptor              : -8.573 (kcal/mol)
    Ligand - Flex side chains      : 0.000 (kcal/mol)
(2) Final Total Internal Energy    : -1.501 (kcal/mol)
    Ligand                         : -1.501 (kcal/mol)
    Flex   - Receptor              : 0.000 (kcal/mol)
    Flex   - Flex side chains      : 0.000 (kcal/mol)
(3) Torsional Free Energy          : 3.620 (kcal/mol)
(4) Unbound System's Energy        : -1.501 (kcal/mol)
ENERGY FROM SEARCH: -10.008
FINAL ENERGY: 
Estimated Free Energy of Binding   : -4.915 (kcal/mol) [=(1)+(2)+(3)-(4)]
(1) Final Intermolecular Energy    : -9.029 (kcal/mol)
    Ligand - Receptor              : -9.029 (kcal/mol)
    Ligand - Flex side chains      : 0.000 (kcal/mol)
(2) Final Total Internal Energy    : -0.979 (kcal/mol)
    Ligand                         : -0.979 (kcal/mol)
    Flex   - Receptor              : 0.000 (kcal/mol)
    Flex   - Flex side chains      : 0.000 (kcal/mol)
(3) Torsional Free Energy          : 3.592 (kcal/mol)
(4) Unbound System's Energy        : -1.501 (kcal/mol)
ENERGY FROM SEARCH: -9.989
FINAL ENERGY: 
Estimated Free Energy of Binding   : -4.905 (kcal/mol) [=(1)+(2)+(3)-(4)]
(1) Final Intermolecular Energy    : -8.808 (kcal/mol)
    Ligand - Receptor              : -8.808 (kcal/mol)
    Ligand - Flex side chains      : 0.000 (kcal/mol)
(2) Final Total Internal Energy    : -1.181 (kcal/mol)
    Ligand                         : -1.181 (kcal/mol)
    Flex   - Receptor              : 0.000 (kcal/mol)
    Flex   - Flex side chains      : 0.000 (kcal/mol)
(3) Torsional Free Energy          : 3.584 (kcal/mol)
(4) Unbound System's Energy        : -1.501 (kcal/mol)
ENERGY FROM SEARCH: -9.953
FINAL ENERGY: 
Estimated Free Energy of Binding   : -4.884 (kcal/mol) [=(1)+(2)+(3)-(4)]
(1) Final Intermolecular Energy    : -8.833 (kcal/mol)
    Ligand - Receptor              : -8.833 (kcal/mol)
    Ligand - Flex side chains      : 0.000 (kcal/mol)
(2) Final Total Internal Energy    : -1.120 (kcal/mol)
    Ligand                         : -1.120 (kcal/mol)
    Flex   - Receptor              : 0.000 (kcal/mol)
    Flex   - Flex side chains      : 0.000 (kcal/mol)
(3) Torsional Free Energy          : 3.569 (kcal/mol)
(4) Unbound System's Energy        : -1.501 (kcal/mol)
ENERGY FROM SEARCH: -9.552
FINAL ENERGY: 
Estimated Free Energy of Binding   : -4.652 (kcal/mol) [=(1)+(2)+(3)-(4)]
(1) Final Intermolecular Energy    : -8.729 (kcal/mol)
    Ligand - Receptor              : -8.729 (kcal/mol)
    Ligand - Flex side chains      : 0.000 (kcal/mol)
(2) Final Total Internal Energy    : -0.823 (kcal/mol)
    Ligand                         : -0.823 (kcal/mol)
    Flex   - Receptor              : 0.000 (kcal/mol)
    Flex   - Flex side chains      : 0.000 (kcal/mol)
(3) Torsional Free Energy          : 3.399 (kcal/mol)
(4) Unbound System's Energy        : -1.501 (kcal/mol)
ENERGY FROM SEARCH: -9.493
FINAL ENERGY: 
Estimated Free Energy of Binding   : -4.618 (kcal/mol) [=(1)+(2)+(3)-(4)]
(1) Final Intermolecular Energy    : -8.355 (kcal/mol)
    Ligand - Receptor              : -8.355 (kcal/mol)
    Ligand - Flex side chains      : 0.000 (kcal/mol)
(2) Final Total Internal Energy    : -1.138 (kcal/mol)
    Ligand                         : -1.138 (kcal/mol)
    Flex   - Receptor              : 0.000 (kcal/mol)
    Flex   - Flex side chains      : 0.000 (kcal/mol)
(3) Torsional Free Energy          : 3.374 (kcal/mol)
(4) Unbound System's Energy        : -1.501 (kcal/mol)
ENERGY FROM SEARCH: -9.477
FINAL ENERGY: 
Estimated Free Energy of Binding   : -4.609 (kcal/mol) [=(1)+(2)+(3)-(4)]
(1) Final Intermolecular Energy    : -7.748 (kcal/mol)
    Ligand - Receptor              : -7.748 (kcal/mol)
    Ligand - Flex side chains      : 0.000 (kcal/mol)
(2) Final Total Internal Energy    : -1.729 (kcal/mol)
    Ligand                         : -1.729 (kcal/mol)
    Flex   - Receptor              : 0.000 (kcal/mol)
    Flex   - Flex side chains      : 0.000 (kcal/mol)
(3) Torsional Free Energy          : 3.368 (kcal/mol)
(4) Unbound System's Energy        : -1.501 (kcal/mol)
ENERGY FROM SEARCH: -9.429
FINAL ENERGY: 
Estimated Free Energy of Binding   : -4.581 (kcal/mol) [=(1)+(2)+(3)-(4)]
(1) Final Intermolecular Energy    : -8.353 (kcal/mol)
    Ligand - Receptor              : -8.353 (kcal/mol)
    Ligand - Flex side chains      : 0.000 (kcal/mol)
(2) Final Total Internal Energy    : -1.076 (kcal/mol)
    Ligand                         : -1.076 (kcal/mol)
    Flex   - Receptor              : 0.000 (kcal/mol)
    Flex   - Flex side chains      : 0.000 (kcal/mol)
(3) Torsional Free Energy          : 3.347 (kcal/mol)
(4) Unbound System's Energy        : -1.501 (kcal/mol)
ENERGY FROM SEARCH: -9.069
FINAL ENERGY: 
Estimated Free Energy of Binding   : -4.373 (kcal/mol) [=(1)+(2)+(3)-(4)]
(1) Final Intermolecular Energy    : -8.302 (kcal/mol)
    Ligand - Receptor              : -8.302 (kcal/mol)
    Ligand - Flex side chains      : 0.000 (kcal/mol)
(2) Final Total Internal Energy    : -0.767 (kcal/mol)
    Ligand                         : -0.767 (kcal/mol)
    Flex   - Receptor              : 0.000 (kcal/mol)
    Flex   - Flex side chains      : 0.000 (kcal/mol)
(3) Torsional Free Energy          : 3.195 (kcal/mol)
(4) Unbound System's Energy        : -1.501 (kcal/mol)

mode |   affinity | dist from best mode
     | (kcal/mol) | rmsd l.b.| rmsd u.b.
-----+------------+----------+----------
   1      -4.9536     0.0000     0.0000
   2      -4.9153     1.7196     2.2570
   3      -4.9045     2.4164     3.7359
   4      -4.8835     2.3042     3.9543
   5      -4.6518     2.8001     4.5152
   6      -4.6177     1.8560     2.7482
   7      -4.6086     9.8387    13.3568
   8      -4.5805     2.2200     6.7353
   9      -4.3726     2.9278     8.1006
