AutoDock Vina v1.2.7
#################################################################
# If you used AutoDock Vina in your work, please cite:          #
#                                                               #
# J. Eberhardt, D. Santos-Martins, A. F. Tillack, and S. Forli  #
# AutoDock Vina 1.2.0: New Docking Methods, Expanded Force      #
# Field, and Python Bindings, J. Chem. Inf. Model. (2021)       #
# DOI 10.1021/acs.jcim.1c00203                                  #
#                                                               #
# O. Trott, A. J. Olson,                                        #
# AutoDock Vina: improving the speed and accuracy of docking    #
# with a new scoring function, efficient optimization and       #
# multithreading, J. Comp. Chem. (2010)                         #
# DOI 10.1002/jcc.21334                                         #
#                                                               #
# Please see https://github.com/ccsb-scripps/AutoDock-Vina for  #
# more information.                                             #
#################################################################

Scoring function : vina
Rigid receptor: results/docking\receptors\5CRB.pdbqt
Ligand: results/docking\ligands\GLUCOSAMINE.pdbqt
Grid center: X 11.9145 Y 38.904 Z 40.986
Grid size  : X 28 Y 28 Z 28
Grid space : 0.375
Exhaustiveness: 8
CPU: 0
Verbosity: 2

Computing Vina grid ... done.
WARNING: At low exhaustiveness, it may be impossible to utilize all CPUs.
Performing docking (random seed: -1480935712) ... 
0%   10   20   30   40   50   60   70   80   90   100%
|----|----|----|----|----|----|----|----|----|----|
***************************************************
done.
ENERGY FROM SEARCH: -6.17421
FINAL ENERGY: 
Estimated Free Energy of Binding   : -4.973 (kcal/mol) [=(1)+(2)+(3)-(4)]
(1) Final Intermolecular Energy    : -5.991 (kcal/mol)
    Ligand - Receptor              : -5.991 (kcal/mol)
    Ligand - Flex side chains      : 0.000 (kcal/mol)
(2) Final Total Internal Energy    : -0.183 (kcal/mol)
    Ligand                         : -0.183 (kcal/mol)
    Flex   - Receptor              : 0.000 (kcal/mol)
    Flex   - Flex side chains      : 0.000 (kcal/mol)
(3) Torsional Free Energy          : 1.018 (kcal/mol)
(4) Unbound System's Energy        : -0.183 (kcal/mol)
ENERGY FROM SEARCH: -6.059
FINAL ENERGY: 
Estimated Free Energy of Binding   : -4.877 (kcal/mol) [=(1)+(2)+(3)-(4)]
(1) Final Intermolecular Energy    : -5.808 (kcal/mol)
    Ligand - Receptor              : -5.808 (kcal/mol)
    Ligand - Flex side chains      : 0.000 (kcal/mol)
(2) Final Total Internal Energy    : -0.251 (kcal/mol)
    Ligand                         : -0.251 (kcal/mol)
    Flex   - Receptor              : 0.000 (kcal/mol)
    Flex   - Flex side chains      : 0.000 (kcal/mol)
(3) Torsional Free Energy          : 0.998 (kcal/mol)
(4) Unbound System's Energy        : -0.183 (kcal/mol)
ENERGY FROM SEARCH: -5.914
FINAL ENERGY: 
Estimated Free Energy of Binding   : -4.757 (kcal/mol) [=(1)+(2)+(3)-(4)]
(1) Final Intermolecular Energy    : -5.688 (kcal/mol)
    Ligand - Receptor              : -5.688 (kcal/mol)
    Ligand - Flex side chains      : 0.000 (kcal/mol)
(2) Final Total Internal Energy    : -0.226 (kcal/mol)
    Ligand                         : -0.226 (kcal/mol)
    Flex   - Receptor              : 0.000 (kcal/mol)
    Flex   - Flex side chains      : 0.000 (kcal/mol)
(3) Torsional Free Energy          : 0.973 (kcal/mol)
(4) Unbound System's Energy        : -0.183 (kcal/mol)
ENERGY FROM SEARCH: -5.767
FINAL ENERGY: 
Estimated Free Energy of Binding   : -4.635 (kcal/mol) [=(1)+(2)+(3)-(4)]
(1) Final Intermolecular Energy    : -5.518 (kcal/mol)
    Ligand - Receptor              : -5.518 (kcal/mol)
    Ligand - Flex side chains      : 0.000 (kcal/mol)
(2) Final Total Internal Energy    : -0.249 (kcal/mol)
    Ligand                         : -0.249 (kcal/mol)
    Flex   - Receptor              : 0.000 (kcal/mol)
    Flex   - Flex side chains      : 0.000 (kcal/mol)
(3) Torsional Free Energy          : 0.948 (kcal/mol)
(4) Unbound System's Energy        : -0.183 (kcal/mol)
ENERGY FROM SEARCH: -5.681
FINAL ENERGY: 
Estimated Free Energy of Binding   : -4.563 (kcal/mol) [=(1)+(2)+(3)-(4)]
(1) Final Intermolecular Energy    : -5.440 (kcal/mol)
    Ligand - Receptor              : -5.440 (kcal/mol)
    Ligand - Flex side chains      : 0.000 (kcal/mol)
(2) Final Total Internal Energy    : -0.240 (kcal/mol)
    Ligand                         : -0.240 (kcal/mol)
    Flex   - Receptor              : 0.000 (kcal/mol)
    Flex   - Flex side chains      : 0.000 (kcal/mol)
(3) Torsional Free Energy          : 0.934 (kcal/mol)
(4) Unbound System's Energy        : -0.183 (kcal/mol)
ENERGY FROM SEARCH: -5.521
FINAL ENERGY: 
Estimated Free Energy of Binding   : -4.431 (kcal/mol) [=(1)+(2)+(3)-(4)]
(1) Final Intermolecular Energy    : -5.286 (kcal/mol)
    Ligand - Receptor              : -5.286 (kcal/mol)
    Ligand - Flex side chains      : 0.000 (kcal/mol)
(2) Final Total Internal Energy    : -0.235 (kcal/mol)
    Ligand                         : -0.235 (kcal/mol)
    Flex   - Receptor              : 0.000 (kcal/mol)
    Flex   - Flex side chains      : 0.000 (kcal/mol)
(3) Torsional Free Energy          : 0.907 (kcal/mol)
(4) Unbound System's Energy        : -0.183 (kcal/mol)
ENERGY FROM SEARCH: -5.447
FINAL ENERGY: 
Estimated Free Energy of Binding   : -4.370 (kcal/mol) [=(1)+(2)+(3)-(4)]
(1) Final Intermolecular Energy    : -5.400 (kcal/mol)
    Ligand - Receptor              : -5.400 (kcal/mol)
    Ligand - Flex side chains      : 0.000 (kcal/mol)
(2) Final Total Internal Energy    : -0.047 (kcal/mol)
    Ligand                         : -0.047 (kcal/mol)
    Flex   - Receptor              : 0.000 (kcal/mol)
    Flex   - Flex side chains      : 0.000 (kcal/mol)
(3) Torsional Free Energy          : 0.894 (kcal/mol)
(4) Unbound System's Energy        : -0.183 (kcal/mol)
ENERGY FROM SEARCH: -5.413
FINAL ENERGY: 
Estimated Free Energy of Binding   : -4.341 (kcal/mol) [=(1)+(2)+(3)-(4)]
(1) Final Intermolecular Energy    : -5.358 (kcal/mol)
    Ligand - Receptor              : -5.358 (kcal/mol)
    Ligand - Flex side chains      : 0.000 (kcal/mol)
(2) Final Total Internal Energy    : -0.055 (kcal/mol)
    Ligand                         : -0.055 (kcal/mol)
    Flex   - Receptor              : 0.000 (kcal/mol)
    Flex   - Flex side chains      : 0.000 (kcal/mol)
(3) Torsional Free Energy          : 0.888 (kcal/mol)
(4) Unbound System's Energy        : -0.183 (kcal/mol)
ENERGY FROM SEARCH: -5.407
FINAL ENERGY: 
Estimated Free Energy of Binding   : -4.337 (kcal/mol) [=(1)+(2)+(3)-(4)]
(1) Final Intermolecular Energy    : -5.359 (kcal/mol)
    Ligand - Receptor              : -5.359 (kcal/mol)
    Ligand - Flex side chains      : 0.000 (kcal/mol)
(2) Final Total Internal Energy    : -0.048 (kcal/mol)
    Ligand                         : -0.048 (kcal/mol)
    Flex   - Receptor              : 0.000 (kcal/mol)
    Flex   - Flex side chains      : 0.000 (kcal/mol)
(3) Torsional Free Energy          : 0.887 (kcal/mol)
(4) Unbound System's Energy        : -0.183 (kcal/mol)

mode |   affinity | dist from best mode
     | (kcal/mol) | rmsd l.b.| rmsd u.b.
-----+------------+----------+----------
   1      -4.9732     0.0000     0.0000
   2      -4.8773     1.1974     2.8972
   3      -4.7573     1.8802     3.5044
   4      -4.6355    18.9026    20.5065
   5      -4.5634    20.4027    21.4700
   6      -4.4306    19.8131    21.7595
   7      -4.3696    19.7431    21.4793
   8      -4.3411    19.1724    21.0177
   9      -4.3366    20.3655    21.6725
