AutoDock Vina v1.2.7
#################################################################
# If you used AutoDock Vina in your work, please cite:          #
#                                                               #
# J. Eberhardt, D. Santos-Martins, A. F. Tillack, and S. Forli  #
# AutoDock Vina 1.2.0: New Docking Methods, Expanded Force      #
# Field, and Python Bindings, J. Chem. Inf. Model. (2021)       #
# DOI 10.1021/acs.jcim.1c00203                                  #
#                                                               #
# O. Trott, A. J. Olson,                                        #
# AutoDock Vina: improving the speed and accuracy of docking    #
# with a new scoring function, efficient optimization and       #
# multithreading, J. Comp. Chem. (2010)                         #
# DOI 10.1002/jcc.21334                                         #
#                                                               #
# Please see https://github.com/ccsb-scripps/AutoDock-Vina for  #
# more information.                                             #
#################################################################

Scoring function : vina
Rigid receptor: results/docking\receptors\5CRB.pdbqt
Ligand: results/docking\ligands\MEROPENEM.pdbqt
Grid center: X 11.9145 Y 38.904 Z 40.986
Grid size  : X 28 Y 28 Z 28
Grid space : 0.375
Exhaustiveness: 8
CPU: 0
Verbosity: 2

Computing Vina grid ... done.
WARNING: At low exhaustiveness, it may be impossible to utilize all CPUs.
Performing docking (random seed: 1740881946) ... 
0%   10   20   30   40   50   60   70   80   90   100%
|----|----|----|----|----|----|----|----|----|----|
***************************************************
done.
ENERGY FROM SEARCH: -8.42452
FINAL ENERGY: 
Estimated Free Energy of Binding   : -5.954 (kcal/mol) [=(1)+(2)+(3)-(4)]
(1) Final Intermolecular Energy    : -8.043 (kcal/mol)
    Ligand - Receptor              : -8.043 (kcal/mol)
    Ligand - Flex side chains      : 0.000 (kcal/mol)
(2) Final Total Internal Energy    : -0.382 (kcal/mol)
    Ligand                         : -0.382 (kcal/mol)
    Flex   - Receptor              : 0.000 (kcal/mol)
    Flex   - Flex side chains      : 0.000 (kcal/mol)
(3) Torsional Free Energy          : 2.088 (kcal/mol)
(4) Unbound System's Energy        : -0.382 (kcal/mol)
ENERGY FROM SEARCH: -8.226
FINAL ENERGY: 
Estimated Free Energy of Binding   : -5.808 (kcal/mol) [=(1)+(2)+(3)-(4)]
(1) Final Intermolecular Energy    : -7.806 (kcal/mol)
    Ligand - Receptor              : -7.806 (kcal/mol)
    Ligand - Flex side chains      : 0.000 (kcal/mol)
(2) Final Total Internal Energy    : -0.421 (kcal/mol)
    Ligand                         : -0.421 (kcal/mol)
    Flex   - Receptor              : 0.000 (kcal/mol)
    Flex   - Flex side chains      : 0.000 (kcal/mol)
(3) Torsional Free Energy          : 2.037 (kcal/mol)
(4) Unbound System's Energy        : -0.382 (kcal/mol)
ENERGY FROM SEARCH: -7.756
FINAL ENERGY: 
Estimated Free Energy of Binding   : -5.459 (kcal/mol) [=(1)+(2)+(3)-(4)]
(1) Final Intermolecular Energy    : -7.793 (kcal/mol)
    Ligand - Receptor              : -7.793 (kcal/mol)
    Ligand - Flex side chains      : 0.000 (kcal/mol)
(2) Final Total Internal Energy    : 0.037 (kcal/mol)
    Ligand                         : 0.037 (kcal/mol)
    Flex   - Receptor              : 0.000 (kcal/mol)
    Flex   - Flex side chains      : 0.000 (kcal/mol)
(3) Torsional Free Energy          : 1.915 (kcal/mol)
(4) Unbound System's Energy        : -0.382 (kcal/mol)
ENERGY FROM SEARCH: -7.503
FINAL ENERGY: 
Estimated Free Energy of Binding   : -5.272 (kcal/mol) [=(1)+(2)+(3)-(4)]
(1) Final Intermolecular Energy    : -6.877 (kcal/mol)
    Ligand - Receptor              : -6.877 (kcal/mol)
    Ligand - Flex side chains      : 0.000 (kcal/mol)
(2) Final Total Internal Energy    : -0.625 (kcal/mol)
    Ligand                         : -0.625 (kcal/mol)
    Flex   - Receptor              : 0.000 (kcal/mol)
    Flex   - Flex side chains      : 0.000 (kcal/mol)
(3) Torsional Free Energy          : 1.849 (kcal/mol)
(4) Unbound System's Energy        : -0.382 (kcal/mol)
ENERGY FROM SEARCH: -7.257
FINAL ENERGY: 
Estimated Free Energy of Binding   : -5.090 (kcal/mol) [=(1)+(2)+(3)-(4)]
(1) Final Intermolecular Energy    : -6.957 (kcal/mol)
    Ligand - Receptor              : -6.957 (kcal/mol)
    Ligand - Flex side chains      : 0.000 (kcal/mol)
(2) Final Total Internal Energy    : -0.300 (kcal/mol)
    Ligand                         : -0.300 (kcal/mol)
    Flex   - Receptor              : 0.000 (kcal/mol)
    Flex   - Flex side chains      : 0.000 (kcal/mol)
(3) Torsional Free Energy          : 1.785 (kcal/mol)
(4) Unbound System's Energy        : -0.382 (kcal/mol)
ENERGY FROM SEARCH: -7.223
FINAL ENERGY: 
Estimated Free Energy of Binding   : -5.065 (kcal/mol) [=(1)+(2)+(3)-(4)]
(1) Final Intermolecular Energy    : -6.989 (kcal/mol)
    Ligand - Receptor              : -6.989 (kcal/mol)
    Ligand - Flex side chains      : 0.000 (kcal/mol)
(2) Final Total Internal Energy    : -0.234 (kcal/mol)
    Ligand                         : -0.234 (kcal/mol)
    Flex   - Receptor              : 0.000 (kcal/mol)
    Flex   - Flex side chains      : 0.000 (kcal/mol)
(3) Torsional Free Energy          : 1.777 (kcal/mol)
(4) Unbound System's Energy        : -0.382 (kcal/mol)
ENERGY FROM SEARCH: -7.197
FINAL ENERGY: 
Estimated Free Energy of Binding   : -5.045 (kcal/mol) [=(1)+(2)+(3)-(4)]
(1) Final Intermolecular Energy    : -6.931 (kcal/mol)
    Ligand - Receptor              : -6.931 (kcal/mol)
    Ligand - Flex side chains      : 0.000 (kcal/mol)
(2) Final Total Internal Energy    : -0.266 (kcal/mol)
    Ligand                         : -0.266 (kcal/mol)
    Flex   - Receptor              : 0.000 (kcal/mol)
    Flex   - Flex side chains      : 0.000 (kcal/mol)
(3) Torsional Free Energy          : 1.770 (kcal/mol)
(4) Unbound System's Energy        : -0.382 (kcal/mol)
ENERGY FROM SEARCH: -7.193
FINAL ENERGY: 
Estimated Free Energy of Binding   : -5.043 (kcal/mol) [=(1)+(2)+(3)-(4)]
(1) Final Intermolecular Energy    : -6.856 (kcal/mol)
    Ligand - Receptor              : -6.856 (kcal/mol)
    Ligand - Flex side chains      : 0.000 (kcal/mol)
(2) Final Total Internal Energy    : -0.338 (kcal/mol)
    Ligand                         : -0.338 (kcal/mol)
    Flex   - Receptor              : 0.000 (kcal/mol)
    Flex   - Flex side chains      : 0.000 (kcal/mol)
(3) Torsional Free Energy          : 1.769 (kcal/mol)
(4) Unbound System's Energy        : -0.382 (kcal/mol)
ENERGY FROM SEARCH: -7.089
FINAL ENERGY: 
Estimated Free Energy of Binding   : -4.965 (kcal/mol) [=(1)+(2)+(3)-(4)]
(1) Final Intermolecular Energy    : -6.692 (kcal/mol)
    Ligand - Receptor              : -6.692 (kcal/mol)
    Ligand - Flex side chains      : 0.000 (kcal/mol)
(2) Final Total Internal Energy    : -0.397 (kcal/mol)
    Ligand                         : -0.397 (kcal/mol)
    Flex   - Receptor              : 0.000 (kcal/mol)
    Flex   - Flex side chains      : 0.000 (kcal/mol)
(3) Torsional Free Energy          : 1.742 (kcal/mol)
(4) Unbound System's Energy        : -0.382 (kcal/mol)

mode |   affinity | dist from best mode
     | (kcal/mol) | rmsd l.b.| rmsd u.b.
-----+------------+----------+----------
   1      -5.9542     0.0000     0.0000
   2      -5.8076    16.8246    19.5108
   3      -5.4594     2.4042     5.1464
   4      -5.2718     2.4650     6.0252
   5      -5.0896    16.6765    18.9170
   6      -5.0650     2.7714     4.3107
   7      -5.0452     2.9076     4.4956
   8      -5.0428    19.6789    21.4683
   9      -4.9653    19.6996    22.3540
